18.08.2023 23:04:27.034 [main] DEBUG com.level3_2.App - Start program
18.08.2023 23:04:27.757 [main] DEBUG o.m.d.connection - Connection pool created for localhost:27017 using options maxIdleTimeMS=0, minPoolSize=0, maxPoolSize=100, maxConnecting=2, waitQueueTimeoutMS=120000
18.08.2023 23:04:27.779 [main] DEBUG o.m.driver.cluster - Updating cluster description to  {type=UNKNOWN, servers=[{address=localhost:27017, type=UNKNOWN, state=CONNECTING}]
18.08.2023 23:04:27.821 [main] INFO  o.m.driver.client - MongoClient with metadata {"driver": {"name": "mongo-java-driver|sync", "version": "4.10.2"}, "os": {"type": "Windows", "name": "Windows 11", "architecture": "amd64", "version": "10.0"}, "platform": "Java/Amazon.com Inc./11.0.19+7-LTS"} created with settings MongoClientSettings{readPreference=primary, writeConcern=WriteConcern{w=null, wTimeout=null ms, journal=null}, retryWrites=true, retryReads=true, readConcern=ReadConcern{level=null}, credential=null, streamFactoryFactory=null, commandListeners=[], codecRegistry=ProvidersCodecRegistry{codecProviders=[ValueCodecProvider{}, BsonValueCodecProvider{}, DBRefCodecProvider{}, DBObjectCodecProvider{}, DocumentCodecProvider{}, CollectionCodecProvider{}, IterableCodecProvider{}, MapCodecProvider{}, GeoJsonCodecProvider{}, GridFSFileCodecProvider{}, Jsr310CodecProvider{}, JsonObjectCodecProvider{}, BsonCodecProvider{}, EnumCodecProvider{}, com.mongodb.client.model.mql.ExpressionCodecProvider@68dc098b, com.mongodb.Jep395RecordCodecProvider@38ba6ce3, com.mongodb.KotlinCodecProvider@d278d2b]}, loggerSettings=LoggerSettings{maxDocumentLength=1000}, clusterSettings={hosts=[localhost:27017], srvServiceName=mongodb, mode=SINGLE, requiredClusterType=UNKNOWN, requiredReplicaSetName='null', serverSelector='null', clusterListeners='[]', serverSelectionTimeout='30000 ms', localThreshold='30000 ms'}, socketSettings=SocketSettings{connectTimeoutMS=10000, readTimeoutMS=0, receiveBufferSize=0, sendBufferSize=0}, heartbeatSocketSettings=SocketSettings{connectTimeoutMS=10000, readTimeoutMS=10000, receiveBufferSize=0, sendBufferSize=0}, connectionPoolSettings=ConnectionPoolSettings{maxSize=100, minSize=0, maxWaitTimeMS=120000, maxConnectionLifeTimeMS=0, maxConnectionIdleTimeMS=0, maintenanceInitialDelayMS=0, maintenanceFrequencyMS=60000, connectionPoolListeners=[], maxConnecting=2}, serverSettings=ServerSettings{heartbeatFrequencyMS=10000, minHeartbeatFrequencyMS=500, serverListeners='[]', serverMonitorListeners='[]'}, sslSettings=SslSettings{enabled=false, invalidHostNameAllowed=false, context=null}, applicationName='null', compressorList=[], uuidRepresentation=UNSPECIFIED, serverApi=null, autoEncryptionSettings=null, dnsClient=null, inetAddressResolver=null, contextProvider=null}
18.08.2023 23:04:27.839 [main] INFO  com.level3_2.App - Program finished
18.08.2023 23:09:44.298 [main] DEBUG com.level3_2.App - Start program
18.08.2023 23:09:44.875 [main] DEBUG o.m.d.connection - Connection pool created for localhost:27017 using options maxIdleTimeMS=0, minPoolSize=0, maxPoolSize=100, maxConnecting=2, waitQueueTimeoutMS=120000
18.08.2023 23:09:44.908 [main] DEBUG o.m.driver.cluster - Updating cluster description to  {type=UNKNOWN, servers=[{address=localhost:27017, type=UNKNOWN, state=CONNECTING}]
18.08.2023 23:09:44.960 [main] INFO  o.m.driver.client - MongoClient with metadata {"driver": {"name": "mongo-java-driver|sync", "version": "4.10.2"}, "os": {"type": "Windows", "name": "Windows 11", "architecture": "amd64", "version": "10.0"}, "platform": "Java/Amazon.com Inc./11.0.19+7-LTS"} created with settings MongoClientSettings{readPreference=primary, writeConcern=WriteConcern{w=null, wTimeout=null ms, journal=null}, retryWrites=true, retryReads=true, readConcern=ReadConcern{level=null}, credential=null, streamFactoryFactory=null, commandListeners=[], codecRegistry=ProvidersCodecRegistry{codecProviders=[ValueCodecProvider{}, BsonValueCodecProvider{}, DBRefCodecProvider{}, DBObjectCodecProvider{}, DocumentCodecProvider{}, CollectionCodecProvider{}, IterableCodecProvider{}, MapCodecProvider{}, GeoJsonCodecProvider{}, GridFSFileCodecProvider{}, Jsr310CodecProvider{}, JsonObjectCodecProvider{}, BsonCodecProvider{}, EnumCodecProvider{}, com.mongodb.client.model.mql.ExpressionCodecProvider@82ea68c, com.mongodb.Jep395RecordCodecProvider@59e505b2, com.mongodb.KotlinCodecProvider@3af0a9da]}, loggerSettings=LoggerSettings{maxDocumentLength=1000}, clusterSettings={hosts=[localhost:27017], srvServiceName=mongodb, mode=SINGLE, requiredClusterType=UNKNOWN, requiredReplicaSetName='null', serverSelector='null', clusterListeners='[]', serverSelectionTimeout='30000 ms', localThreshold='30000 ms'}, socketSettings=SocketSettings{connectTimeoutMS=10000, readTimeoutMS=0, receiveBufferSize=0, sendBufferSize=0}, heartbeatSocketSettings=SocketSettings{connectTimeoutMS=10000, readTimeoutMS=10000, receiveBufferSize=0, sendBufferSize=0}, connectionPoolSettings=ConnectionPoolSettings{maxSize=100, minSize=0, maxWaitTimeMS=120000, maxConnectionLifeTimeMS=0, maxConnectionIdleTimeMS=0, maintenanceInitialDelayMS=0, maintenanceFrequencyMS=60000, connectionPoolListeners=[], maxConnecting=2}, serverSettings=ServerSettings{heartbeatFrequencyMS=10000, minHeartbeatFrequencyMS=500, serverListeners='[]', serverMonitorListeners='[]'}, sslSettings=SslSettings{enabled=false, invalidHostNameAllowed=false, context=null}, applicationName='null', compressorList=[], uuidRepresentation=UNSPECIFIED, serverApi=null, autoEncryptionSettings=null, dnsClient=null, inetAddressResolver=null, contextProvider=null}
18.08.2023 23:09:44.977 [main] DEBUG com.level3_2.App - MongoDB was created
18.08.2023 23:09:44.978 [main] INFO  com.level3_2.App - Program finished
18.08.2023 23:23:02.274 [main] DEBUG com.level3_2.App - Start program
18.08.2023 23:23:02.851 [main] DEBUG o.m.d.connection - Connection pool created for localhost:27017 using options maxIdleTimeMS=0, minPoolSize=0, maxPoolSize=100, maxConnecting=2, waitQueueTimeoutMS=120000
18.08.2023 23:23:02.884 [main] DEBUG o.m.driver.cluster - Updating cluster description to  {type=UNKNOWN, servers=[{address=localhost:27017, type=UNKNOWN, state=CONNECTING}]
18.08.2023 23:23:02.933 [main] INFO  o.m.driver.client - MongoClient with metadata {"driver": {"name": "mongo-java-driver|sync", "version": "4.10.2"}, "os": {"type": "Windows", "name": "Windows 11", "architecture": "amd64", "version": "10.0"}, "platform": "Java/Amazon.com Inc./11.0.19+7-LTS"} created with settings MongoClientSettings{readPreference=primary, writeConcern=WriteConcern{w=null, wTimeout=null ms, journal=null}, retryWrites=true, retryReads=true, readConcern=ReadConcern{level=null}, credential=null, streamFactoryFactory=null, commandListeners=[], codecRegistry=ProvidersCodecRegistry{codecProviders=[ValueCodecProvider{}, BsonValueCodecProvider{}, DBRefCodecProvider{}, DBObjectCodecProvider{}, DocumentCodecProvider{}, CollectionCodecProvider{}, IterableCodecProvider{}, MapCodecProvider{}, GeoJsonCodecProvider{}, GridFSFileCodecProvider{}, Jsr310CodecProvider{}, JsonObjectCodecProvider{}, BsonCodecProvider{}, EnumCodecProvider{}, com.mongodb.client.model.mql.ExpressionCodecProvider@14bee915, com.mongodb.Jep395RecordCodecProvider@1115ec15, com.mongodb.KotlinCodecProvider@82ea68c]}, loggerSettings=LoggerSettings{maxDocumentLength=1000}, clusterSettings={hosts=[localhost:27017], srvServiceName=mongodb, mode=SINGLE, requiredClusterType=UNKNOWN, requiredReplicaSetName='null', serverSelector='null', clusterListeners='[]', serverSelectionTimeout='30000 ms', localThreshold='30000 ms'}, socketSettings=SocketSettings{connectTimeoutMS=10000, readTimeoutMS=0, receiveBufferSize=0, sendBufferSize=0}, heartbeatSocketSettings=SocketSettings{connectTimeoutMS=10000, readTimeoutMS=10000, receiveBufferSize=0, sendBufferSize=0}, connectionPoolSettings=ConnectionPoolSettings{maxSize=100, minSize=0, maxWaitTimeMS=120000, maxConnectionLifeTimeMS=0, maxConnectionIdleTimeMS=0, maintenanceInitialDelayMS=0, maintenanceFrequencyMS=60000, connectionPoolListeners=[], maxConnecting=2}, serverSettings=ServerSettings{heartbeatFrequencyMS=10000, minHeartbeatFrequencyMS=500, serverListeners='[]', serverMonitorListeners='[]'}, sslSettings=SslSettings{enabled=false, invalidHostNameAllowed=false, context=null}, applicationName='null', compressorList=[], uuidRepresentation=UNSPECIFIED, serverApi=null, autoEncryptionSettings=null, dnsClient=null, inetAddressResolver=null, contextProvider=null}
18.08.2023 23:23:02.951 [main] DEBUG com.level3_2.App - MongoDB was created
18.08.2023 23:23:02.954 [main] DEBUG o.m.d.connection - Connection pool closed for localhost:27017
18.08.2023 23:23:02.957 [main] INFO  com.level3_2.App - Program finished
18.08.2023 23:26:46.618 [main] DEBUG com.level3_2.App - Start program
18.08.2023 23:26:47.180 [main] DEBUG o.m.d.connection - Connection pool created for localhost:27017 using options maxIdleTimeMS=0, minPoolSize=0, maxPoolSize=100, maxConnecting=2, waitQueueTimeoutMS=120000
18.08.2023 23:26:47.212 [main] DEBUG o.m.driver.cluster - Updating cluster description to  {type=UNKNOWN, servers=[{address=localhost:27017, type=UNKNOWN, state=CONNECTING}]
18.08.2023 23:26:47.265 [main] INFO  o.m.driver.client - MongoClient with metadata {"driver": {"name": "mongo-java-driver|sync", "version": "4.10.2"}, "os": {"type": "Windows", "name": "Windows 11", "architecture": "amd64", "version": "10.0"}, "platform": "Java/Amazon.com Inc./11.0.19+7-LTS"} created with settings MongoClientSettings{readPreference=primary, writeConcern=WriteConcern{w=null, wTimeout=null ms, journal=null}, retryWrites=true, retryReads=true, readConcern=ReadConcern{level=null}, credential=null, streamFactoryFactory=null, commandListeners=[], codecRegistry=ProvidersCodecRegistry{codecProviders=[ValueCodecProvider{}, BsonValueCodecProvider{}, DBRefCodecProvider{}, DBObjectCodecProvider{}, DocumentCodecProvider{}, CollectionCodecProvider{}, IterableCodecProvider{}, MapCodecProvider{}, GeoJsonCodecProvider{}, GridFSFileCodecProvider{}, Jsr310CodecProvider{}, JsonObjectCodecProvider{}, BsonCodecProvider{}, EnumCodecProvider{}, com.mongodb.client.model.mql.ExpressionCodecProvider@1ab06251, com.mongodb.Jep395RecordCodecProvider@41ab013, com.mongodb.KotlinCodecProvider@14bee915]}, loggerSettings=LoggerSettings{maxDocumentLength=1000}, clusterSettings={hosts=[localhost:27017], srvServiceName=mongodb, mode=SINGLE, requiredClusterType=UNKNOWN, requiredReplicaSetName='null', serverSelector='null', clusterListeners='[]', serverSelectionTimeout='30000 ms', localThreshold='30000 ms'}, socketSettings=SocketSettings{connectTimeoutMS=10000, readTimeoutMS=0, receiveBufferSize=0, sendBufferSize=0}, heartbeatSocketSettings=SocketSettings{connectTimeoutMS=10000, readTimeoutMS=10000, receiveBufferSize=0, sendBufferSize=0}, connectionPoolSettings=ConnectionPoolSettings{maxSize=100, minSize=0, maxWaitTimeMS=120000, maxConnectionLifeTimeMS=0, maxConnectionIdleTimeMS=0, maintenanceInitialDelayMS=0, maintenanceFrequencyMS=60000, connectionPoolListeners=[], maxConnecting=2}, serverSettings=ServerSettings{heartbeatFrequencyMS=10000, minHeartbeatFrequencyMS=500, serverListeners='[]', serverMonitorListeners='[]'}, sslSettings=SslSettings{enabled=false, invalidHostNameAllowed=false, context=null}, applicationName='null', compressorList=[], uuidRepresentation=UNSPECIFIED, serverApi=null, autoEncryptionSettings=null, dnsClient=null, inetAddressResolver=null, contextProvider=null}
18.08.2023 23:26:47.316 [cluster-ClusterId{value='64dfd407cf2125441ff071ca', description='null'}-localhost:27017] INFO  o.m.driver.cluster - Monitor thread successfully connected to server with description ServerDescription{address=localhost:27017, type=STANDALONE, state=CONNECTED, ok=true, minWireVersion=0, maxWireVersion=17, maxDocumentSize=16777216, logicalSessionTimeoutMinutes=30, roundTripTimeNanos=55707900}
18.08.2023 23:26:47.318 [cluster-ClusterId{value='64dfd407cf2125441ff071ca', description='null'}-localhost:27017] DEBUG o.m.d.connection - Connection pool ready for localhost:27017
18.08.2023 23:26:47.328 [cluster-ClusterId{value='64dfd407cf2125441ff071ca', description='null'}-localhost:27017] DEBUG o.m.driver.cluster - Updating cluster description to  {type=STANDALONE, servers=[{address=localhost:27017, type=STANDALONE, roundTripTime=55.7 ms, state=CONNECTED}]
18.08.2023 23:26:47.329 [cluster-ClusterId{value='64dfd407cf2125441ff071ca', description='null'}-localhost:27017] DEBUG o.m.driver.cluster - Checking status of localhost:27017
18.08.2023 23:26:47.344 [main] DEBUG o.m.d.connection - Checkout started for connection to localhost:27017
18.08.2023 23:26:47.350 [main] DEBUG o.m.d.connection - Connection created: address=localhost:27017, driver-generated ID=3
18.08.2023 23:26:47.356 [main] DEBUG o.m.d.connection - Connection ready: address=localhost:27017, driver-generated ID=3
18.08.2023 23:26:47.357 [main] DEBUG o.m.d.connection - Connection checked out: address=localhost:27017, driver-generated ID=3
18.08.2023 23:26:47.382 [main] DEBUG o.m.d.p.command - Command "create" started on database myMongoDb using a connection with driver-generated ID 3 and server-generated ID 46 to localhost:27017. The request ID is 5 and the operation ID is 3. Command: {"create": "shops", "capped": false, "$db": "myMongoDb", "lsid": {"id": {"$binary": {"base64": "BWJpN9KrSDS9IRnDNxU3dQ==", "subType": "04"}}}}
18.08.2023 23:26:47.418 [main] DEBUG o.m.d.p.command - Command "create" succeeded in 36.4509 ms using a connection with driver-generated ID 3 and server-generated ID 46 to localhost:27017. The request ID is 5 and the operation ID is 3. Command reply: {"ok": 1.0}
18.08.2023 23:26:47.418 [main] DEBUG o.m.d.connection - Connection checked in: address=localhost:27017, driver-generated ID=3
18.08.2023 23:26:47.460 [main] DEBUG o.m.d.connection - Checkout started for connection to localhost:27017
18.08.2023 23:26:47.460 [main] DEBUG o.m.d.connection - Connection checked out: address=localhost:27017, driver-generated ID=3
18.08.2023 23:26:47.461 [main] DEBUG o.m.driver.operation - retryWrites set to true but the server is a standalone server.
18.08.2023 23:26:47.465 [main] DEBUG o.m.driver.operation - retryWrites set to true but the server is a standalone server.
18.08.2023 23:26:47.497 [main] DEBUG o.m.d.p.command - Command "insert" started on database myMongoDb using a connection with driver-generated ID 3 and server-generated ID 46 to localhost:27017. The request ID is 6 and the operation ID is 5. Command: {"insert": "customers", "ordered": true, "$db": "myMongoDb", "lsid": {"id": {"$binary": {"base64": "BWJpN9KrSDS9IRnDNxU3dQ==", "subType": "04"}}}, "documents": [{"_id": {"$oid": "64dfd407cf2125441ff071cb"}, "name": "Shubham", "company": "Baeldung"}]}
18.08.2023 23:26:47.516 [main] DEBUG o.m.d.p.command - Command "insert" succeeded in 24.4082 ms using a connection with driver-generated ID 3 and server-generated ID 46 to localhost:27017. The request ID is 6 and the operation ID is 5. Command reply: {"n": 1, "ok": 1.0}
18.08.2023 23:26:47.522 [main] DEBUG o.m.d.connection - Connection checked in: address=localhost:27017, driver-generated ID=3
18.08.2023 23:26:47.525 [main] DEBUG com.level3_2.App - MongoDB was created
18.08.2023 23:26:47.527 [main] DEBUG o.m.d.connection - Checkout started for connection to localhost:27017
18.08.2023 23:26:47.528 [main] DEBUG o.m.d.connection - Connection checked out: address=localhost:27017, driver-generated ID=3
18.08.2023 23:26:47.530 [main] DEBUG o.m.d.p.command - Command "endSessions" started on database admin using a connection with driver-generated ID 3 and server-generated ID 46 to localhost:27017. The request ID is 7 and the operation ID is 6. Command: {"endSessions": [{"id": {"$binary": {"base64": "BWJpN9KrSDS9IRnDNxU3dQ==", "subType": "04"}}}], "$db": "admin", "$readPreference": {"mode": "primaryPreferred"}}
18.08.2023 23:26:47.532 [main] DEBUG o.m.d.p.command - Command "endSessions" succeeded in 2.4304 ms using a connection with driver-generated ID 3 and server-generated ID 46 to localhost:27017. The request ID is 7 and the operation ID is 6. Command reply: {"ok": 1.0}
18.08.2023 23:26:47.532 [main] DEBUG o.m.d.connection - Connection checked in: address=localhost:27017, driver-generated ID=3
18.08.2023 23:26:47.535 [main] DEBUG o.m.d.connection - Connection closed: address=localhost:27017, driver-generated ID=3. Reason: Connection pool was closed.
18.08.2023 23:26:47.537 [main] DEBUG o.m.d.connection - Connection pool closed for localhost:27017
18.08.2023 23:26:47.542 [main] INFO  com.level3_2.App - Program finished
18.08.2023 23:34:27.535 [main] DEBUG com.level3_2.App - Start program
18.08.2023 23:34:28.153 [main] DEBUG o.m.d.connection - Connection pool created for localhost:27017 using options maxIdleTimeMS=0, minPoolSize=0, maxPoolSize=100, maxConnecting=2, waitQueueTimeoutMS=120000
18.08.2023 23:34:28.199 [main] DEBUG o.m.driver.cluster - Updating cluster description to  {type=UNKNOWN, servers=[{address=localhost:27017, type=UNKNOWN, state=CONNECTING}]
18.08.2023 23:34:28.252 [main] INFO  o.m.driver.client - MongoClient with metadata {"driver": {"name": "mongo-java-driver|sync", "version": "4.10.2"}, "os": {"type": "Windows", "name": "Windows 11", "architecture": "amd64", "version": "10.0"}, "platform": "Java/Amazon.com Inc./11.0.19+7-LTS"} created with settings MongoClientSettings{readPreference=primary, writeConcern=WriteConcern{w=null, wTimeout=null ms, journal=null}, retryWrites=true, retryReads=true, readConcern=ReadConcern{level=null}, credential=null, streamFactoryFactory=null, commandListeners=[], codecRegistry=ProvidersCodecRegistry{codecProviders=[ValueCodecProvider{}, BsonValueCodecProvider{}, DBRefCodecProvider{}, DBObjectCodecProvider{}, DocumentCodecProvider{}, CollectionCodecProvider{}, IterableCodecProvider{}, MapCodecProvider{}, GeoJsonCodecProvider{}, GridFSFileCodecProvider{}, Jsr310CodecProvider{}, JsonObjectCodecProvider{}, BsonCodecProvider{}, EnumCodecProvider{}, com.mongodb.client.model.mql.ExpressionCodecProvider@20c0a64d, com.mongodb.Jep395RecordCodecProvider@455b6df1, com.mongodb.KotlinCodecProvider@4ddbbdf8]}, loggerSettings=LoggerSettings{maxDocumentLength=1000}, clusterSettings={hosts=[localhost:27017], srvServiceName=mongodb, mode=SINGLE, requiredClusterType=UNKNOWN, requiredReplicaSetName='null', serverSelector='null', clusterListeners='[]', serverSelectionTimeout='30000 ms', localThreshold='30000 ms'}, socketSettings=SocketSettings{connectTimeoutMS=10000, readTimeoutMS=0, receiveBufferSize=0, sendBufferSize=0}, heartbeatSocketSettings=SocketSettings{connectTimeoutMS=10000, readTimeoutMS=10000, receiveBufferSize=0, sendBufferSize=0}, connectionPoolSettings=ConnectionPoolSettings{maxSize=100, minSize=0, maxWaitTimeMS=120000, maxConnectionLifeTimeMS=0, maxConnectionIdleTimeMS=0, maintenanceInitialDelayMS=0, maintenanceFrequencyMS=60000, connectionPoolListeners=[], maxConnecting=2}, serverSettings=ServerSettings{heartbeatFrequencyMS=10000, minHeartbeatFrequencyMS=500, serverListeners='[]', serverMonitorListeners='[]'}, sslSettings=SslSettings{enabled=false, invalidHostNameAllowed=false, context=null}, applicationName='null', compressorList=[], uuidRepresentation=UNSPECIFIED, serverApi=null, autoEncryptionSettings=null, dnsClient=null, inetAddressResolver=null, contextProvider=null}
18.08.2023 23:34:28.305 [cluster-ClusterId{value='64dfd5d49656d17d40c31e47', description='null'}-localhost:27017] INFO  o.m.driver.cluster - Monitor thread successfully connected to server with description ServerDescription{address=localhost:27017, type=STANDALONE, state=CONNECTED, ok=true, minWireVersion=0, maxWireVersion=17, maxDocumentSize=16777216, logicalSessionTimeoutMinutes=30, roundTripTimeNanos=59366200}
18.08.2023 23:34:28.310 [cluster-ClusterId{value='64dfd5d49656d17d40c31e47', description='null'}-localhost:27017] DEBUG o.m.d.connection - Connection pool ready for localhost:27017
18.08.2023 23:34:28.319 [cluster-ClusterId{value='64dfd5d49656d17d40c31e47', description='null'}-localhost:27017] DEBUG o.m.driver.cluster - Updating cluster description to  {type=STANDALONE, servers=[{address=localhost:27017, type=STANDALONE, roundTripTime=59.4 ms, state=CONNECTED}]
18.08.2023 23:34:28.319 [cluster-ClusterId{value='64dfd5d49656d17d40c31e47', description='null'}-localhost:27017] DEBUG o.m.driver.cluster - Checking status of localhost:27017
18.08.2023 23:34:28.336 [main] DEBUG o.m.d.connection - Checkout started for connection to localhost:27017
18.08.2023 23:34:28.343 [main] DEBUG o.m.d.connection - Connection created: address=localhost:27017, driver-generated ID=3
18.08.2023 23:34:28.350 [main] DEBUG o.m.d.connection - Connection ready: address=localhost:27017, driver-generated ID=3
18.08.2023 23:34:28.351 [main] DEBUG o.m.d.connection - Connection checked out: address=localhost:27017, driver-generated ID=3
18.08.2023 23:34:28.394 [main] DEBUG o.m.d.p.command - Command "create" started on database myMongoDb using a connection with driver-generated ID 3 and server-generated ID 50 to localhost:27017. The request ID is 5 and the operation ID is 3. Command: {"create": "shops", "capped": false, "$db": "myMongoDb", "lsid": {"id": {"$binary": {"base64": "cjkQqWAdSmuyGoYOqZGsWA==", "subType": "04"}}}}
18.08.2023 23:34:28.403 [main] DEBUG o.m.d.p.command - Command "create" failed in 17.4907 ms using a connection with driver-generated ID 3 and server-generated ID 50 to localhost:27017. The request ID is 5 and the operation ID is 3.
com.mongodb.MongoCommandException: Command failed with error 48 (NamespaceExists): 'Collection myMongoDb.shops already exists.' on server localhost:27017. The full response is {"ok": 0.0, "errmsg": "Collection myMongoDb.shops already exists.", "code": 48, "codeName": "NamespaceExists"}
	at com.mongodb.internal.connection.ProtocolHelper.getCommandFailureException(ProtocolHelper.java:205)
	at com.mongodb.internal.connection.InternalStreamConnection.receiveCommandMessageResponse(InternalStreamConnection.java:448)
	at com.mongodb.internal.connection.InternalStreamConnection.sendAndReceive(InternalStreamConnection.java:370)
	at com.mongodb.internal.connection.UsageTrackingInternalConnection.sendAndReceive(UsageTrackingInternalConnection.java:114)
	at com.mongodb.internal.connection.DefaultConnectionPool$PooledConnection.sendAndReceive(DefaultConnectionPool.java:719)
	at com.mongodb.internal.connection.CommandProtocolImpl.execute(CommandProtocolImpl.java:76)
	at com.mongodb.internal.connection.DefaultServer$DefaultServerProtocolExecutor.execute(DefaultServer.java:203)
	at com.mongodb.internal.connection.DefaultServerConnection.executeProtocol(DefaultServerConnection.java:115)
	at com.mongodb.internal.connection.DefaultServerConnection.command(DefaultServerConnection.java:83)
	at com.mongodb.internal.connection.DefaultServerConnection.command(DefaultServerConnection.java:74)
	at com.mongodb.internal.connection.DefaultServer$OperationCountTrackingConnection.command(DefaultServer.java:287)
	at com.mongodb.internal.operation.CommandOperationHelper.executeCommand(CommandOperationHelper.java:264)
	at com.mongodb.internal.operation.CreateCollectionOperation.lambda$execute$0(CreateCollectionOperation.java:243)
	at java.base/java.util.Collections$SingletonList.forEach(Collections.java:4856)
	at com.mongodb.internal.operation.CreateCollectionOperation.lambda$execute$1(CreateCollectionOperation.java:242)
	at com.mongodb.internal.operation.OperationHelper.withConnectionSource(OperationHelper.java:326)
	at com.mongodb.internal.operation.OperationHelper.withConnection(OperationHelper.java:317)
	at com.mongodb.internal.operation.CreateCollectionOperation.execute(CreateCollectionOperation.java:240)
	at com.mongodb.internal.operation.CreateCollectionOperation.execute(CreateCollectionOperation.java:69)
	at com.mongodb.client.internal.MongoClientDelegate$DelegateOperationExecutor.execute(MongoClientDelegate.java:173)
	at com.mongodb.client.internal.MongoDatabaseImpl.executeCreateCollection(MongoDatabaseImpl.java:282)
	at com.mongodb.client.internal.MongoDatabaseImpl.createCollection(MongoDatabaseImpl.java:265)
	at com.mongodb.client.internal.MongoDatabaseImpl.createCollection(MongoDatabaseImpl.java:260)
	at com.level3_2.App.main(App.java:33)
18.08.2023 23:34:28.414 [main] DEBUG o.m.d.connection - Connection checked in: address=localhost:27017, driver-generated ID=3
18.08.2023 23:34:28.417 [main] DEBUG o.m.d.connection - Checkout started for connection to localhost:27017
18.08.2023 23:34:28.418 [main] DEBUG o.m.d.connection - Connection checked out: address=localhost:27017, driver-generated ID=3
18.08.2023 23:34:28.421 [main] DEBUG o.m.d.p.command - Command "endSessions" started on database admin using a connection with driver-generated ID 3 and server-generated ID 50 to localhost:27017. The request ID is 6 and the operation ID is 5. Command: {"endSessions": [{"id": {"$binary": {"base64": "cjkQqWAdSmuyGoYOqZGsWA==", "subType": "04"}}}], "$db": "admin", "$readPreference": {"mode": "primaryPreferred"}}
18.08.2023 23:34:28.430 [main] DEBUG o.m.d.p.command - Command "endSessions" succeeded in 5.669 ms using a connection with driver-generated ID 3 and server-generated ID 50 to localhost:27017. The request ID is 6 and the operation ID is 5. Command reply: {"ok": 1.0}
18.08.2023 23:34:28.431 [main] DEBUG o.m.d.connection - Connection checked in: address=localhost:27017, driver-generated ID=3
18.08.2023 23:34:28.433 [main] DEBUG o.m.d.connection - Connection closed: address=localhost:27017, driver-generated ID=3. Reason: Connection pool was closed.
18.08.2023 23:34:28.437 [main] DEBUG o.m.d.connection - Connection pool closed for localhost:27017
18.08.2023 23:34:28.443 [main] ERROR com.level3_2.App - MongoDB was not created
18.08.2023 23:38:47.640 [main] DEBUG com.level3_2.App - Start program
18.08.2023 23:38:48.211 [main] DEBUG o.m.d.connection - Connection pool created for localhost:27017 using options maxIdleTimeMS=0, minPoolSize=0, maxPoolSize=100, maxConnecting=2, waitQueueTimeoutMS=120000
18.08.2023 23:38:48.252 [main] DEBUG o.m.driver.cluster - Updating cluster description to  {type=UNKNOWN, servers=[{address=localhost:27017, type=UNKNOWN, state=CONNECTING}]
18.08.2023 23:38:48.304 [main] INFO  o.m.driver.client - MongoClient with metadata {"driver": {"name": "mongo-java-driver|sync", "version": "4.10.2"}, "os": {"type": "Windows", "name": "Windows 11", "architecture": "amd64", "version": "10.0"}, "platform": "Java/Amazon.com Inc./11.0.19+7-LTS"} created with settings MongoClientSettings{readPreference=primary, writeConcern=WriteConcern{w=null, wTimeout=null ms, journal=null}, retryWrites=true, retryReads=true, readConcern=ReadConcern{level=null}, credential=null, streamFactoryFactory=null, commandListeners=[], codecRegistry=ProvidersCodecRegistry{codecProviders=[ValueCodecProvider{}, BsonValueCodecProvider{}, DBRefCodecProvider{}, DBObjectCodecProvider{}, DocumentCodecProvider{}, CollectionCodecProvider{}, IterableCodecProvider{}, MapCodecProvider{}, GeoJsonCodecProvider{}, GridFSFileCodecProvider{}, Jsr310CodecProvider{}, JsonObjectCodecProvider{}, BsonCodecProvider{}, EnumCodecProvider{}, com.mongodb.client.model.mql.ExpressionCodecProvider@82ea68c, com.mongodb.Jep395RecordCodecProvider@59e505b2, com.mongodb.KotlinCodecProvider@3af0a9da]}, loggerSettings=LoggerSettings{maxDocumentLength=1000}, clusterSettings={hosts=[localhost:27017], srvServiceName=mongodb, mode=SINGLE, requiredClusterType=UNKNOWN, requiredReplicaSetName='null', serverSelector='null', clusterListeners='[]', serverSelectionTimeout='30000 ms', localThreshold='30000 ms'}, socketSettings=SocketSettings{connectTimeoutMS=10000, readTimeoutMS=0, receiveBufferSize=0, sendBufferSize=0}, heartbeatSocketSettings=SocketSettings{connectTimeoutMS=10000, readTimeoutMS=10000, receiveBufferSize=0, sendBufferSize=0}, connectionPoolSettings=ConnectionPoolSettings{maxSize=100, minSize=0, maxWaitTimeMS=120000, maxConnectionLifeTimeMS=0, maxConnectionIdleTimeMS=0, maintenanceInitialDelayMS=0, maintenanceFrequencyMS=60000, connectionPoolListeners=[], maxConnecting=2}, serverSettings=ServerSettings{heartbeatFrequencyMS=10000, minHeartbeatFrequencyMS=500, serverListeners='[]', serverMonitorListeners='[]'}, sslSettings=SslSettings{enabled=false, invalidHostNameAllowed=false, context=null}, applicationName='null', compressorList=[], uuidRepresentation=UNSPECIFIED, serverApi=null, autoEncryptionSettings=null, dnsClient=null, inetAddressResolver=null, contextProvider=null}
18.08.2023 23:38:48.306 [main] DEBUG com.level3_2.App - MongoDB was created
18.08.2023 23:38:48.364 [cluster-ClusterId{value='64dfd6d80ab99005f76d6888', description='null'}-localhost:27017] INFO  o.m.driver.cluster - Monitor thread successfully connected to server with description ServerDescription{address=localhost:27017, type=STANDALONE, state=CONNECTED, ok=true, minWireVersion=0, maxWireVersion=17, maxDocumentSize=16777216, logicalSessionTimeoutMinutes=30, roundTripTimeNanos=63632700}
18.08.2023 23:38:48.367 [cluster-ClusterId{value='64dfd6d80ab99005f76d6888', description='null'}-localhost:27017] DEBUG o.m.d.connection - Connection pool ready for localhost:27017
18.08.2023 23:38:48.374 [main] INFO  o.m.driver.cluster - Cluster description not yet available. Waiting for 30000 ms before timing out
18.08.2023 23:38:48.376 [cluster-ClusterId{value='64dfd6d80ab99005f76d6888', description='null'}-localhost:27017] DEBUG o.m.driver.cluster - Updating cluster description to  {type=STANDALONE, servers=[{address=localhost:27017, type=STANDALONE, roundTripTime=63.6 ms, state=CONNECTED}]
18.08.2023 23:38:48.376 [cluster-ClusterId{value='64dfd6d80ab99005f76d6888', description='null'}-localhost:27017] DEBUG o.m.driver.cluster - Checking status of localhost:27017
18.08.2023 23:38:48.390 [main] DEBUG o.m.d.connection - Checkout started for connection to localhost:27017
18.08.2023 23:38:48.397 [main] DEBUG o.m.d.connection - Connection created: address=localhost:27017, driver-generated ID=3
18.08.2023 23:38:48.402 [main] DEBUG o.m.d.connection - Connection ready: address=localhost:27017, driver-generated ID=3
18.08.2023 23:38:48.403 [main] DEBUG o.m.d.connection - Connection checked out: address=localhost:27017, driver-generated ID=3
18.08.2023 23:38:48.437 [main] DEBUG o.m.d.p.command - Command "listCollections" started on database myMongoDb using a connection with driver-generated ID 3 and server-generated ID 53 to localhost:27017. The request ID is 5 and the operation ID is 3. Command: {"listCollections": 1, "cursor": {}, "nameOnly": true, "$db": "myMongoDb", "lsid": {"id": {"$binary": {"base64": "6V4nBSR7Tpmndtxa6vf5Kw==", "subType": "04"}}}}
18.08.2023 23:38:48.451 [main] DEBUG o.m.d.p.command - Command "listCollections" succeeded in 15.6032 ms using a connection with driver-generated ID 3 and server-generated ID 53 to localhost:27017. The request ID is 5 and the operation ID is 3. Command reply: {"cursor": {"id": 0, "ns": "myMongoDb.$cmd.listCollections", "firstBatch": [{"name": "customers", "type": "collection"}, {"name": "shops", "type": "collection"}]}, "ok": 1.0}
18.08.2023 23:38:48.463 [main] DEBUG o.m.driver.operation - Received batch of 2 documents with cursorId 0 from server localhost:27017
18.08.2023 23:38:48.468 [main] DEBUG o.m.d.connection - Connection checked in: address=localhost:27017, driver-generated ID=3
18.08.2023 23:38:48.491 [main] DEBUG o.m.d.connection - Checkout started for connection to localhost:27017
18.08.2023 23:38:48.492 [main] DEBUG o.m.d.connection - Connection checked out: address=localhost:27017, driver-generated ID=3
18.08.2023 23:38:48.497 [main] DEBUG o.m.d.p.command - Command "drop" started on database myMongoDb using a connection with driver-generated ID 3 and server-generated ID 53 to localhost:27017. The request ID is 6 and the operation ID is 5. Command: {"drop": "shops", "$db": "myMongoDb", "lsid": {"id": {"$binary": {"base64": "6V4nBSR7Tpmndtxa6vf5Kw==", "subType": "04"}}}}
18.08.2023 23:38:48.502 [main] DEBUG o.m.d.p.command - Command "drop" succeeded in 3.7216 ms using a connection with driver-generated ID 3 and server-generated ID 53 to localhost:27017. The request ID is 6 and the operation ID is 5. Command reply: {"nIndexesWas": 1, "ns": "myMongoDb.shops", "ok": 1.0}
18.08.2023 23:38:48.503 [main] DEBUG o.m.d.connection - Connection checked in: address=localhost:27017, driver-generated ID=3
18.08.2023 23:38:48.504 [main] DEBUG com.level3_2.App - collection dropped
18.08.2023 23:38:48.518 [main] DEBUG o.m.d.connection - Checkout started for connection to localhost:27017
18.08.2023 23:38:48.520 [main] DEBUG o.m.d.connection - Connection checked out: address=localhost:27017, driver-generated ID=3
18.08.2023 23:38:48.522 [main] DEBUG o.m.d.p.command - Command "create" started on database myMongoDb using a connection with driver-generated ID 3 and server-generated ID 53 to localhost:27017. The request ID is 7 and the operation ID is 6. Command: {"create": "shops", "capped": false, "$db": "myMongoDb", "lsid": {"id": {"$binary": {"base64": "6V4nBSR7Tpmndtxa6vf5Kw==", "subType": "04"}}}}
18.08.2023 23:38:48.543 [main] DEBUG o.m.d.p.command - Command "create" succeeded in 20.8171 ms using a connection with driver-generated ID 3 and server-generated ID 53 to localhost:27017. The request ID is 7 and the operation ID is 6. Command reply: {"ok": 1.0}
18.08.2023 23:38:48.543 [main] DEBUG o.m.d.connection - Connection checked in: address=localhost:27017, driver-generated ID=3
18.08.2023 23:38:48.554 [main] DEBUG o.m.d.connection - Checkout started for connection to localhost:27017
18.08.2023 23:38:48.554 [main] DEBUG o.m.d.connection - Connection checked out: address=localhost:27017, driver-generated ID=3
18.08.2023 23:38:48.556 [main] DEBUG o.m.d.p.command - Command "endSessions" started on database admin using a connection with driver-generated ID 3 and server-generated ID 53 to localhost:27017. The request ID is 8 and the operation ID is 7. Command: {"endSessions": [{"id": {"$binary": {"base64": "6V4nBSR7Tpmndtxa6vf5Kw==", "subType": "04"}}}], "$db": "admin", "$readPreference": {"mode": "primaryPreferred"}}
18.08.2023 23:38:48.558 [main] DEBUG o.m.d.p.command - Command "endSessions" succeeded in 2.1261 ms using a connection with driver-generated ID 3 and server-generated ID 53 to localhost:27017. The request ID is 8 and the operation ID is 7. Command reply: {"ok": 1.0}
18.08.2023 23:38:48.558 [main] DEBUG o.m.d.connection - Connection checked in: address=localhost:27017, driver-generated ID=3
18.08.2023 23:38:48.561 [main] DEBUG o.m.d.connection - Connection closed: address=localhost:27017, driver-generated ID=3. Reason: Connection pool was closed.
18.08.2023 23:38:48.564 [main] DEBUG o.m.d.connection - Connection pool closed for localhost:27017
18.08.2023 23:39:48.331 [main] DEBUG com.level3_2.App - Start program
18.08.2023 23:39:48.890 [main] DEBUG o.m.d.connection - Connection pool created for localhost:27017 using options maxIdleTimeMS=0, minPoolSize=0, maxPoolSize=100, maxConnecting=2, waitQueueTimeoutMS=120000
18.08.2023 23:39:48.922 [main] DEBUG o.m.driver.cluster - Updating cluster description to  {type=UNKNOWN, servers=[{address=localhost:27017, type=UNKNOWN, state=CONNECTING}]
18.08.2023 23:39:48.972 [main] INFO  o.m.driver.client - MongoClient with metadata {"driver": {"name": "mongo-java-driver|sync", "version": "4.10.2"}, "os": {"type": "Windows", "name": "Windows 11", "architecture": "amd64", "version": "10.0"}, "platform": "Java/Amazon.com Inc./11.0.19+7-LTS"} created with settings MongoClientSettings{readPreference=primary, writeConcern=WriteConcern{w=null, wTimeout=null ms, journal=null}, retryWrites=true, retryReads=true, readConcern=ReadConcern{level=null}, credential=null, streamFactoryFactory=null, commandListeners=[], codecRegistry=ProvidersCodecRegistry{codecProviders=[ValueCodecProvider{}, BsonValueCodecProvider{}, DBRefCodecProvider{}, DBObjectCodecProvider{}, DocumentCodecProvider{}, CollectionCodecProvider{}, IterableCodecProvider{}, MapCodecProvider{}, GeoJsonCodecProvider{}, GridFSFileCodecProvider{}, Jsr310CodecProvider{}, JsonObjectCodecProvider{}, BsonCodecProvider{}, EnumCodecProvider{}, com.mongodb.client.model.mql.ExpressionCodecProvider@1115ec15, com.mongodb.Jep395RecordCodecProvider@82ea68c, com.mongodb.KotlinCodecProvider@59e505b2]}, loggerSettings=LoggerSettings{maxDocumentLength=1000}, clusterSettings={hosts=[localhost:27017], srvServiceName=mongodb, mode=SINGLE, requiredClusterType=UNKNOWN, requiredReplicaSetName='null', serverSelector='null', clusterListeners='[]', serverSelectionTimeout='30000 ms', localThreshold='30000 ms'}, socketSettings=SocketSettings{connectTimeoutMS=10000, readTimeoutMS=0, receiveBufferSize=0, sendBufferSize=0}, heartbeatSocketSettings=SocketSettings{connectTimeoutMS=10000, readTimeoutMS=10000, receiveBufferSize=0, sendBufferSize=0}, connectionPoolSettings=ConnectionPoolSettings{maxSize=100, minSize=0, maxWaitTimeMS=120000, maxConnectionLifeTimeMS=0, maxConnectionIdleTimeMS=0, maintenanceInitialDelayMS=0, maintenanceFrequencyMS=60000, connectionPoolListeners=[], maxConnecting=2}, serverSettings=ServerSettings{heartbeatFrequencyMS=10000, minHeartbeatFrequencyMS=500, serverListeners='[]', serverMonitorListeners='[]'}, sslSettings=SslSettings{enabled=false, invalidHostNameAllowed=false, context=null}, applicationName='null', compressorList=[], uuidRepresentation=UNSPECIFIED, serverApi=null, autoEncryptionSettings=null, dnsClient=null, inetAddressResolver=null, contextProvider=null}
18.08.2023 23:39:48.975 [main] DEBUG com.level3_2.App - MongoDB was created
18.08.2023 23:39:49.022 [cluster-ClusterId{value='64dfd714086ca002cd9bd0e6', description='null'}-localhost:27017] INFO  o.m.driver.cluster - Monitor thread successfully connected to server with description ServerDescription{address=localhost:27017, type=STANDALONE, state=CONNECTED, ok=true, minWireVersion=0, maxWireVersion=17, maxDocumentSize=16777216, logicalSessionTimeoutMinutes=30, roundTripTimeNanos=56058400}
18.08.2023 23:39:49.025 [cluster-ClusterId{value='64dfd714086ca002cd9bd0e6', description='null'}-localhost:27017] DEBUG o.m.d.connection - Connection pool ready for localhost:27017
18.08.2023 23:39:49.032 [cluster-ClusterId{value='64dfd714086ca002cd9bd0e6', description='null'}-localhost:27017] DEBUG o.m.driver.cluster - Updating cluster description to  {type=STANDALONE, servers=[{address=localhost:27017, type=STANDALONE, roundTripTime=56.1 ms, state=CONNECTED}]
18.08.2023 23:39:49.032 [main] INFO  o.m.driver.cluster - Cluster description not yet available. Waiting for 30000 ms before timing out
18.08.2023 23:39:49.032 [cluster-ClusterId{value='64dfd714086ca002cd9bd0e6', description='null'}-localhost:27017] DEBUG o.m.driver.cluster - Checking status of localhost:27017
18.08.2023 23:39:49.046 [main] DEBUG o.m.d.connection - Checkout started for connection to localhost:27017
18.08.2023 23:39:49.050 [main] DEBUG o.m.d.connection - Connection created: address=localhost:27017, driver-generated ID=3
18.08.2023 23:39:49.055 [main] DEBUG o.m.d.connection - Connection ready: address=localhost:27017, driver-generated ID=3
18.08.2023 23:39:49.056 [main] DEBUG o.m.d.connection - Connection checked out: address=localhost:27017, driver-generated ID=3
18.08.2023 23:39:49.082 [main] DEBUG o.m.d.p.command - Command "listCollections" started on database myMongoDb using a connection with driver-generated ID 3 and server-generated ID 56 to localhost:27017. The request ID is 5 and the operation ID is 3. Command: {"listCollections": 1, "cursor": {}, "nameOnly": true, "$db": "myMongoDb", "lsid": {"id": {"$binary": {"base64": "NdUqzclFREqJKp0tH09BgQ==", "subType": "04"}}}}
18.08.2023 23:39:49.092 [main] DEBUG o.m.d.p.command - Command "listCollections" succeeded in 10.1743 ms using a connection with driver-generated ID 3 and server-generated ID 56 to localhost:27017. The request ID is 5 and the operation ID is 3. Command reply: {"cursor": {"id": 0, "ns": "myMongoDb.$cmd.listCollections", "firstBatch": [{"name": "customers", "type": "collection"}, {"name": "shops", "type": "collection"}]}, "ok": 1.0}
18.08.2023 23:39:49.099 [main] DEBUG o.m.driver.operation - Received batch of 2 documents with cursorId 0 from server localhost:27017
18.08.2023 23:39:49.102 [main] DEBUG o.m.d.connection - Connection checked in: address=localhost:27017, driver-generated ID=3
18.08.2023 23:39:49.120 [main] DEBUG o.m.d.connection - Checkout started for connection to localhost:27017
18.08.2023 23:39:49.121 [main] DEBUG o.m.d.connection - Connection checked out: address=localhost:27017, driver-generated ID=3
18.08.2023 23:39:49.127 [main] DEBUG o.m.d.p.command - Command "drop" started on database myMongoDb using a connection with driver-generated ID 3 and server-generated ID 56 to localhost:27017. The request ID is 6 and the operation ID is 5. Command: {"drop": "shops", "$db": "myMongoDb", "lsid": {"id": {"$binary": {"base64": "NdUqzclFREqJKp0tH09BgQ==", "subType": "04"}}}}
18.08.2023 23:39:49.132 [main] DEBUG o.m.d.p.command - Command "drop" succeeded in 4.2103 ms using a connection with driver-generated ID 3 and server-generated ID 56 to localhost:27017. The request ID is 6 and the operation ID is 5. Command reply: {"nIndexesWas": 1, "ns": "myMongoDb.shops", "ok": 1.0}
18.08.2023 23:39:49.133 [main] DEBUG o.m.d.connection - Connection checked in: address=localhost:27017, driver-generated ID=3
18.08.2023 23:39:49.134 [main] DEBUG com.level3_2.App - collection dropped
18.08.2023 23:39:49.152 [main] DEBUG o.m.d.connection - Checkout started for connection to localhost:27017
18.08.2023 23:39:49.153 [main] DEBUG o.m.d.connection - Connection checked out: address=localhost:27017, driver-generated ID=3
18.08.2023 23:39:49.155 [main] DEBUG o.m.d.p.command - Command "create" started on database myMongoDb using a connection with driver-generated ID 3 and server-generated ID 56 to localhost:27017. The request ID is 7 and the operation ID is 6. Command: {"create": "shops", "capped": false, "$db": "myMongoDb", "lsid": {"id": {"$binary": {"base64": "NdUqzclFREqJKp0tH09BgQ==", "subType": "04"}}}}
18.08.2023 23:39:49.175 [main] DEBUG o.m.d.p.command - Command "create" succeeded in 20.2795 ms using a connection with driver-generated ID 3 and server-generated ID 56 to localhost:27017. The request ID is 7 and the operation ID is 6. Command reply: {"ok": 1.0}
18.08.2023 23:39:49.176 [main] DEBUG o.m.d.connection - Connection checked in: address=localhost:27017, driver-generated ID=3
18.08.2023 23:39:49.187 [main] DEBUG c.l.FileProcessing - File shop_address.csv was found
18.08.2023 23:39:49.192 [main] DEBUG c.l.FileProcessing - Data from the shop_address.csv file was recieved
18.08.2023 23:39:49.205 [main] DEBUG o.m.d.connection - Checkout started for connection to localhost:27017
18.08.2023 23:39:49.206 [main] DEBUG o.m.d.connection - Connection checked out: address=localhost:27017, driver-generated ID=3
18.08.2023 23:39:49.206 [main] DEBUG o.m.driver.operation - retryWrites set to true but the server is a standalone server.
18.08.2023 23:39:49.208 [main] DEBUG o.m.driver.operation - retryWrites set to true but the server is a standalone server.
18.08.2023 23:39:49.243 [main] DEBUG o.m.d.p.command - Command "insert" started on database myMongoDb using a connection with driver-generated ID 3 and server-generated ID 56 to localhost:27017. The request ID is 8 and the operation ID is 7. Command: {"insert": "shops", "ordered": true, "$db": "myMongoDb", "lsid": {"id": {"$binary": {"base64": "NdUqzclFREqJKp0tH09BgQ==", "subType": "04"}}}, "documents": [{"_id": {"$oid": "64dfd715086ca002cd9bd0e7"}, "address": "Київ, вул. Полярна, 20-Д"}, {"_id": {"$oid": "64dfd715086ca002cd9bd0e8"}, "address": "Київ, вул. Братиславська, 11"}, {"_id": {"$oid": "64dfd715086ca002cd9bd0e9"}, "address": "Київ, Кільцева дорога, 1-Б"}, {"_id": {"$oid": "64dfd715086ca002cd9bd0ea"}, "address": "Київ, вул. Віскозна, 4"}, {"_id": {"$oid": "64dfd715086ca002cd9bd0eb"}, "address": "Київ, пр-т Петра Григоренка, 40"}, {"_id": {"$oid": "64dfd715086ca002cd9bd0ec"}, "address": "Київ, вул. Берковецька, 6-В"}, {"_id": {"$oid": "64dfd715086ca002cd9bd0ed"}, "address": "Київ, пр-т Степана Бандери, 11-А"}, {"_id": {"$oid": "64dfd715086ca002cd9bd0ee"}, "address": "Київ, Дніпровська наб., 13-В"}, {"_id": {"$oid": "64dfd715086ca002cd9bd0ef"}, "address": "Київ, вул. Хрещатик, 38"}, {"_id": {"$oid": "64dfd715086ca002cd9bd0f0"} ...
18.08.2023 23:39:49.247 [main] DEBUG o.m.d.p.command - Command "insert" succeeded in 14.6725 ms using a connection with driver-generated ID 3 and server-generated ID 56 to localhost:27017. The request ID is 8 and the operation ID is 7. Command reply: {"n": 15, "ok": 1.0}
18.08.2023 23:39:49.252 [main] DEBUG o.m.d.connection - Connection checked in: address=localhost:27017, driver-generated ID=3
18.08.2023 23:39:49.255 [main] DEBUG com.level3_2.App - Data into collection 'shops' inserted
18.08.2023 23:39:49.256 [main] DEBUG o.m.d.connection - Checkout started for connection to localhost:27017
18.08.2023 23:39:49.256 [main] DEBUG o.m.d.connection - Connection checked out: address=localhost:27017, driver-generated ID=3
18.08.2023 23:39:49.258 [main] DEBUG o.m.d.p.command - Command "endSessions" started on database admin using a connection with driver-generated ID 3 and server-generated ID 56 to localhost:27017. The request ID is 9 and the operation ID is 8. Command: {"endSessions": [{"id": {"$binary": {"base64": "NdUqzclFREqJKp0tH09BgQ==", "subType": "04"}}}], "$db": "admin", "$readPreference": {"mode": "primaryPreferred"}}
18.08.2023 23:39:49.260 [main] DEBUG o.m.d.p.command - Command "endSessions" succeeded in 1.5888 ms using a connection with driver-generated ID 3 and server-generated ID 56 to localhost:27017. The request ID is 9 and the operation ID is 8. Command reply: {"ok": 1.0}
18.08.2023 23:39:49.260 [main] DEBUG o.m.d.connection - Connection checked in: address=localhost:27017, driver-generated ID=3
18.08.2023 23:39:49.262 [main] DEBUG o.m.d.connection - Connection closed: address=localhost:27017, driver-generated ID=3. Reason: Connection pool was closed.
18.08.2023 23:39:49.265 [main] DEBUG o.m.d.connection - Connection pool closed for localhost:27017
18.08.2023 23:39:49.268 [main] INFO  com.level3_2.App - Program finished
