01.08.2023 14:16:38.035 [main] DEBUG com.level3_2.App - Start program
01.08.2023 14:16:38.061 [main] DEBUG c.l.FileProcessing - File config.properties was found
01.08.2023 14:16:38.070 [main] DEBUG c.l.FileProcessing - Properties were loaded
01.08.2023 14:16:38.086 [main] DEBUG c.l.FileProcessing - File config.properties was found
01.08.2023 14:16:38.086 [main] DEBUG c.l.FileProcessing - Properties were loaded
01.08.2023 14:16:38.914 [main] DEBUG c.l.ConnectionCreator - Connection created
01.08.2023 14:16:38.917 [main] DEBUG c.l.FileProcessing - File dropTables.sql was found
01.08.2023 14:16:38.919 [main] DEBUG c.l.FileProcessing - File createTables.sql was found
01.08.2023 14:16:39.006 [main] DEBUG com.level3_2.App - Connection created
01.08.2023 14:16:39.008 [main] DEBUG c.l.FileProcessing - File dropTables.sql was found
01.08.2023 14:16:39.010 [main] DEBUG c.l.FileProcessing - File createTables.sql was found
01.08.2023 14:16:39.011 [main] DEBUG c.l.FileProcessing - File shop_address.csv was found
01.08.2023 14:16:39.033 [main] DEBUG com.level3_2.App - Batch was added
01.08.2023 14:16:39.034 [main] DEBUG com.level3_2.App - Batch was added
01.08.2023 14:16:39.034 [main] DEBUG com.level3_2.App - Batch was added
01.08.2023 14:16:39.035 [main] DEBUG com.level3_2.App - Batch was added
01.08.2023 14:16:39.035 [main] DEBUG com.level3_2.App - Batch was added
01.08.2023 14:16:39.035 [main] DEBUG com.level3_2.App - Batch was added
01.08.2023 14:16:39.036 [main] DEBUG com.level3_2.App - Batch was added
01.08.2023 14:16:39.036 [main] DEBUG com.level3_2.App - Batch was added
01.08.2023 14:16:39.037 [main] DEBUG com.level3_2.App - Batch was added
01.08.2023 14:16:39.037 [main] DEBUG com.level3_2.App - Batch was added
01.08.2023 14:16:39.037 [main] DEBUG com.level3_2.App - Batch was added
01.08.2023 14:16:39.038 [main] DEBUG com.level3_2.App - Batch was added
01.08.2023 14:16:39.038 [main] DEBUG com.level3_2.App - Batch was added
01.08.2023 14:16:39.038 [main] DEBUG com.level3_2.App - Batch was added
01.08.2023 14:16:39.039 [main] DEBUG com.level3_2.App - Batch was added
01.08.2023 14:16:39.081 [main] INFO  com.level3_2.App - Program finished
01.08.2023 14:16:59.723 [main] DEBUG com.level3_2.App - Start program
01.08.2023 14:16:59.734 [main] DEBUG c.l.FileProcessing - File config.properties was found
01.08.2023 14:16:59.737 [main] DEBUG c.l.FileProcessing - Properties were loaded
01.08.2023 14:16:59.739 [main] DEBUG c.l.FileProcessing - File config.properties was found
01.08.2023 14:16:59.740 [main] DEBUG c.l.FileProcessing - Properties were loaded
01.08.2023 14:17:00.562 [main] DEBUG c.l.ConnectionCreator - Connection created
01.08.2023 14:17:00.564 [main] DEBUG c.l.FileProcessing - File dropTables.sql was found
01.08.2023 14:17:00.566 [main] DEBUG c.l.FileProcessing - File createTables.sql was found
01.08.2023 14:17:00.567 [main] DEBUG c.l.FileProcessing - File shop_address.csv was found
01.08.2023 14:17:00.580 [main] DEBUG com.level3_2.App - Batch was added
01.08.2023 14:17:00.580 [main] DEBUG com.level3_2.App - Batch was added
01.08.2023 14:17:00.581 [main] DEBUG com.level3_2.App - Batch was added
01.08.2023 14:17:00.581 [main] DEBUG com.level3_2.App - Batch was added
01.08.2023 14:17:00.581 [main] DEBUG com.level3_2.App - Batch was added
01.08.2023 14:17:00.582 [main] DEBUG com.level3_2.App - Batch was added
01.08.2023 14:17:00.582 [main] DEBUG com.level3_2.App - Batch was added
01.08.2023 14:17:00.582 [main] DEBUG com.level3_2.App - Batch was added
01.08.2023 14:17:00.582 [main] DEBUG com.level3_2.App - Batch was added
01.08.2023 14:17:00.583 [main] DEBUG com.level3_2.App - Batch was added
01.08.2023 14:17:00.583 [main] DEBUG com.level3_2.App - Batch was added
01.08.2023 14:17:00.583 [main] DEBUG com.level3_2.App - Batch was added
01.08.2023 14:17:00.583 [main] DEBUG com.level3_2.App - Batch was added
01.08.2023 14:17:00.583 [main] DEBUG com.level3_2.App - Batch was added
01.08.2023 14:17:00.585 [main] DEBUG com.level3_2.App - Batch was added
01.08.2023 14:17:00.617 [main] INFO  com.level3_2.App - Program finished
01.08.2023 14:20:41.047 [main] DEBUG com.level3_2.App - Start program
01.08.2023 14:20:41.071 [main] DEBUG c.l.FileProcessing - File config.properties was found
01.08.2023 14:20:41.078 [main] DEBUG c.l.FileProcessing - Properties were loaded
01.08.2023 14:20:41.079 [main] DEBUG c.l.FileProcessing - File config.properties was found
01.08.2023 14:20:41.080 [main] DEBUG c.l.FileProcessing - Properties were loaded
01.08.2023 14:20:41.871 [main] DEBUG c.l.ConnectionCreator - Connection created
01.08.2023 14:20:41.873 [main] DEBUG c.l.FileProcessing - File dropTables.sql was found
01.08.2023 14:20:41.874 [main] DEBUG c.l.FileProcessing - File createTables.sql was found
01.08.2023 14:20:41.875 [main] DEBUG c.l.FileProcessing - File shop_address.csv was found
01.08.2023 14:20:41.888 [main] DEBUG c.l.QueriesProcessing - Batch was added
01.08.2023 14:20:41.888 [main] DEBUG c.l.QueriesProcessing - Batch was added
01.08.2023 14:20:41.890 [main] DEBUG c.l.QueriesProcessing - Batch was added
01.08.2023 14:20:41.890 [main] DEBUG c.l.QueriesProcessing - Batch was added
01.08.2023 14:20:41.890 [main] DEBUG c.l.QueriesProcessing - Batch was added
01.08.2023 14:20:41.890 [main] DEBUG c.l.QueriesProcessing - Batch was added
01.08.2023 14:20:41.890 [main] DEBUG c.l.QueriesProcessing - Batch was added
01.08.2023 14:20:41.890 [main] DEBUG c.l.QueriesProcessing - Batch was added
01.08.2023 14:20:41.892 [main] DEBUG c.l.QueriesProcessing - Batch was added
01.08.2023 14:20:41.892 [main] DEBUG c.l.QueriesProcessing - Batch was added
01.08.2023 14:20:41.892 [main] DEBUG c.l.QueriesProcessing - Batch was added
01.08.2023 14:20:41.892 [main] DEBUG c.l.QueriesProcessing - Batch was added
01.08.2023 14:20:41.892 [main] DEBUG c.l.QueriesProcessing - Batch was added
01.08.2023 14:20:41.893 [main] DEBUG c.l.QueriesProcessing - Batch was added
01.08.2023 14:20:41.893 [main] DEBUG c.l.QueriesProcessing - Batch was added
01.08.2023 14:20:41.932 [main] INFO  com.level3_2.App - Program finished
01.08.2023 14:30:28.935 [main] DEBUG com.level3_2.App - Start program
01.08.2023 14:30:28.963 [main] DEBUG c.l.FileProcessing - File config.properties was found
01.08.2023 14:30:28.967 [main] DEBUG c.l.FileProcessing - Properties were loaded
01.08.2023 14:30:28.968 [main] DEBUG c.l.FileProcessing - File config.properties was found
01.08.2023 14:30:28.969 [main] DEBUG c.l.FileProcessing - Properties were loaded
01.08.2023 14:30:29.777 [main] DEBUG c.l.ConnectionCreator - Connection created
01.08.2023 14:30:29.778 [main] DEBUG c.l.FileProcessing - File dropTables.sql was found
01.08.2023 14:30:29.780 [main] DEBUG c.l.FileProcessing - File createTables.sql was found
01.08.2023 14:31:03.046 [main] DEBUG com.level3_2.App - Start program
01.08.2023 14:31:03.069 [main] DEBUG c.l.FileProcessing - File config.properties was found
01.08.2023 14:31:03.072 [main] DEBUG c.l.FileProcessing - Properties were loaded
01.08.2023 14:31:03.074 [main] DEBUG c.l.FileProcessing - File config.properties was found
01.08.2023 14:31:03.075 [main] DEBUG c.l.FileProcessing - Properties were loaded
01.08.2023 14:31:03.852 [main] DEBUG c.l.ConnectionCreator - Connection created
01.08.2023 14:31:03.854 [main] DEBUG c.l.FileProcessing - File dropTables.sql was found
01.08.2023 14:31:03.856 [main] DEBUG c.l.FileProcessing - File createTables.sql was found
01.08.2023 14:31:50.703 [main] DEBUG com.level3_2.App - Start program
01.08.2023 14:31:50.726 [main] DEBUG c.l.FileProcessing - File config.properties was found
01.08.2023 14:31:50.729 [main] DEBUG c.l.FileProcessing - Properties were loaded
01.08.2023 14:31:50.730 [main] DEBUG c.l.FileProcessing - File config.properties was found
01.08.2023 14:31:50.730 [main] DEBUG c.l.FileProcessing - Properties were loaded
01.08.2023 14:31:51.541 [main] DEBUG c.l.ConnectionCreator - Connection created
01.08.2023 14:31:51.542 [main] DEBUG c.l.FileProcessing - File dropTables.sql was found
01.08.2023 14:31:51.545 [main] DEBUG c.l.FileProcessing - File createTables.sql was found
01.08.2023 14:31:51.546 [main] DEBUG c.l.FileProcessing - File shop_address.csv was found
01.08.2023 14:31:51.559 [main] DEBUG c.l.QueriesProcessing - Batch was added
01.08.2023 14:31:51.560 [main] DEBUG c.l.QueriesProcessing - Batch was added
01.08.2023 14:31:51.560 [main] DEBUG c.l.QueriesProcessing - Batch was added
01.08.2023 14:31:51.560 [main] DEBUG c.l.QueriesProcessing - Batch was added
01.08.2023 14:31:51.561 [main] DEBUG c.l.QueriesProcessing - Batch was added
01.08.2023 14:31:51.561 [main] DEBUG c.l.QueriesProcessing - Batch was added
01.08.2023 14:31:51.561 [main] DEBUG c.l.QueriesProcessing - Batch was added
01.08.2023 14:31:51.562 [main] DEBUG c.l.QueriesProcessing - Batch was added
01.08.2023 14:31:51.562 [main] DEBUG c.l.QueriesProcessing - Batch was added
01.08.2023 14:31:51.562 [main] DEBUG c.l.QueriesProcessing - Batch was added
01.08.2023 14:31:51.562 [main] DEBUG c.l.QueriesProcessing - Batch was added
01.08.2023 14:31:51.562 [main] DEBUG c.l.QueriesProcessing - Batch was added
01.08.2023 14:31:51.564 [main] DEBUG c.l.QueriesProcessing - Batch was added
01.08.2023 14:31:51.564 [main] DEBUG c.l.QueriesProcessing - Batch was added
01.08.2023 14:31:51.564 [main] DEBUG c.l.QueriesProcessing - Batch was added
01.08.2023 14:31:51.618 [main] DEBUG c.l.FileProcessing - File product_type.csv was found
01.08.2023 14:31:51.621 [main] INFO  com.level3_2.App - Program finished
01.08.2023 14:34:03.019 [main] DEBUG com.level3_2.App - Start program
01.08.2023 14:34:03.044 [main] DEBUG c.l.FileProcessing - File config.properties was found
01.08.2023 14:34:03.048 [main] DEBUG c.l.FileProcessing - Properties were loaded
01.08.2023 14:34:03.049 [main] DEBUG c.l.FileProcessing - File config.properties was found
01.08.2023 14:34:03.050 [main] DEBUG c.l.FileProcessing - Properties were loaded
01.08.2023 14:34:03.954 [main] DEBUG c.l.ConnectionCreator - Connection created
01.08.2023 14:34:03.955 [main] DEBUG c.l.FileProcessing - File dropTables.sql was found
01.08.2023 14:34:03.957 [main] DEBUG c.l.FileProcessing - File createTables.sql was found
01.08.2023 14:34:03.959 [main] DEBUG c.l.FileProcessing - File shop_address.csv was found
01.08.2023 14:34:03.973 [main] DEBUG c.l.QueriesProcessing - Batch was added
01.08.2023 14:34:03.974 [main] DEBUG c.l.QueriesProcessing - Batch was added
01.08.2023 14:34:03.974 [main] DEBUG c.l.QueriesProcessing - Batch was added
01.08.2023 14:34:03.975 [main] DEBUG c.l.QueriesProcessing - Batch was added
01.08.2023 14:34:03.975 [main] DEBUG c.l.QueriesProcessing - Batch was added
01.08.2023 14:34:03.976 [main] DEBUG c.l.QueriesProcessing - Batch was added
01.08.2023 14:34:03.976 [main] DEBUG c.l.QueriesProcessing - Batch was added
01.08.2023 14:34:03.976 [main] DEBUG c.l.QueriesProcessing - Batch was added
01.08.2023 14:34:03.976 [main] DEBUG c.l.QueriesProcessing - Batch was added
01.08.2023 14:34:03.977 [main] DEBUG c.l.QueriesProcessing - Batch was added
01.08.2023 14:34:03.977 [main] DEBUG c.l.QueriesProcessing - Batch was added
01.08.2023 14:34:03.977 [main] DEBUG c.l.QueriesProcessing - Batch was added
01.08.2023 14:34:03.978 [main] DEBUG c.l.QueriesProcessing - Batch was added
01.08.2023 14:34:03.978 [main] DEBUG c.l.QueriesProcessing - Batch was added
01.08.2023 14:34:03.978 [main] DEBUG c.l.QueriesProcessing - Batch was added
01.08.2023 14:34:04.017 [main] DEBUG c.l.FileProcessing - File product_type.csv was found
01.08.2023 14:34:04.020 [main] INFO  com.level3_2.App - Program finished
01.08.2023 14:55:39.443 [main] DEBUG com.level3_2.App - Start program
01.08.2023 14:55:39.477 [main] DEBUG c.l.FileProcessing - File config.properties was found
01.08.2023 14:55:39.480 [main] DEBUG c.l.FileProcessing - Properties were loaded
01.08.2023 14:55:39.496 [main] DEBUG c.l.FileProcessing - File config.properties was found
01.08.2023 14:55:39.497 [main] DEBUG c.l.FileProcessing - Properties were loaded
01.08.2023 14:55:40.528 [main] DEBUG c.l.ConnectionCreator - Connection created
01.08.2023 14:55:40.536 [main] DEBUG c.l.FileProcessing - File dropTables.sql was found
01.08.2023 14:55:40.546 [main] DEBUG c.l.FileProcessing - File createTables.sql was found
01.08.2023 14:55:40.554 [main] DEBUG c.l.FileProcessing - File shop_address.csv was found
01.08.2023 14:55:40.576 [main] DEBUG c.l.QueriesProcessing - Batch was added
01.08.2023 14:55:40.577 [main] DEBUG c.l.QueriesProcessing - Batch was added
01.08.2023 14:55:40.578 [main] DEBUG c.l.QueriesProcessing - Batch was added
01.08.2023 14:55:40.579 [main] DEBUG c.l.QueriesProcessing - Batch was added
01.08.2023 14:55:40.579 [main] DEBUG c.l.QueriesProcessing - Batch was added
01.08.2023 14:55:40.579 [main] DEBUG c.l.QueriesProcessing - Batch was added
01.08.2023 14:55:40.579 [main] DEBUG c.l.QueriesProcessing - Batch was added
01.08.2023 14:55:40.581 [main] DEBUG c.l.QueriesProcessing - Batch was added
01.08.2023 14:55:40.581 [main] DEBUG c.l.QueriesProcessing - Batch was added
01.08.2023 14:55:40.581 [main] DEBUG c.l.QueriesProcessing - Batch was added
01.08.2023 14:55:40.581 [main] DEBUG c.l.QueriesProcessing - Batch was added
01.08.2023 14:55:40.581 [main] DEBUG c.l.QueriesProcessing - Batch was added
01.08.2023 14:55:40.581 [main] DEBUG c.l.QueriesProcessing - Batch was added
01.08.2023 14:55:40.581 [main] DEBUG c.l.QueriesProcessing - Batch was added
01.08.2023 14:55:40.582 [main] DEBUG c.l.QueriesProcessing - Batch was added
01.08.2023 14:55:40.610 [main] DEBUG c.l.FileProcessing - File product_type.csv was found
01.08.2023 14:55:40.611 [main] INFO  com.level3_2.App - Program finished
01.08.2023 14:57:13.140 [main] DEBUG com.level3_2.App - Start program
01.08.2023 14:57:13.163 [main] DEBUG c.l.FileProcessing - File config.properties was found
01.08.2023 14:57:13.166 [main] DEBUG c.l.FileProcessing - Properties were loaded
01.08.2023 14:57:13.167 [main] DEBUG c.l.FileProcessing - File config.properties was found
01.08.2023 14:57:13.168 [main] DEBUG c.l.FileProcessing - Properties were loaded
01.08.2023 14:57:14.017 [main] DEBUG c.l.ConnectionCreator - Connection created
01.08.2023 14:57:14.018 [main] DEBUG c.l.FileProcessing - File dropTables.sql was found
01.08.2023 14:57:14.020 [main] DEBUG c.l.FileProcessing - File createTables.sql was found
01.08.2023 14:57:14.021 [main] DEBUG c.l.FileProcessing - File shop_address.csv was found
01.08.2023 14:57:14.039 [main] DEBUG c.l.QueriesProcessing - Batch was added
01.08.2023 14:57:14.040 [main] DEBUG c.l.QueriesProcessing - Batch was added
01.08.2023 14:57:14.040 [main] DEBUG c.l.QueriesProcessing - Batch was added
01.08.2023 14:57:14.040 [main] DEBUG c.l.QueriesProcessing - Batch was added
01.08.2023 14:57:14.041 [main] DEBUG c.l.QueriesProcessing - Batch was added
01.08.2023 14:57:14.041 [main] DEBUG c.l.QueriesProcessing - Batch was added
01.08.2023 14:57:14.041 [main] DEBUG c.l.QueriesProcessing - Batch was added
01.08.2023 14:57:14.041 [main] DEBUG c.l.QueriesProcessing - Batch was added
01.08.2023 14:57:14.041 [main] DEBUG c.l.QueriesProcessing - Batch was added
01.08.2023 14:57:14.043 [main] DEBUG c.l.QueriesProcessing - Batch was added
01.08.2023 14:57:14.043 [main] DEBUG c.l.QueriesProcessing - Batch was added
01.08.2023 14:57:14.043 [main] DEBUG c.l.QueriesProcessing - Batch was added
01.08.2023 14:57:14.043 [main] DEBUG c.l.QueriesProcessing - Batch was added
01.08.2023 14:57:14.044 [main] DEBUG c.l.QueriesProcessing - Batch was added
01.08.2023 14:57:14.044 [main] DEBUG c.l.QueriesProcessing - Batch was added
01.08.2023 14:57:14.054 [main] DEBUG c.l.QueriesProcessing - Data into table inserted
01.08.2023 14:57:14.069 [main] DEBUG c.l.FileProcessing - File product_type.csv was found
01.08.2023 14:57:14.070 [main] DEBUG c.l.QueriesProcessing - Data into table inserted
01.08.2023 14:57:14.071 [main] INFO  com.level3_2.App - Program finished
01.08.2023 14:58:03.685 [main] DEBUG com.level3_2.App - Start program
01.08.2023 14:58:03.704 [main] DEBUG c.l.FileProcessing - File config.properties was found
01.08.2023 14:58:03.707 [main] DEBUG c.l.FileProcessing - Properties were loaded
01.08.2023 14:58:03.709 [main] DEBUG c.l.FileProcessing - File config.properties was found
01.08.2023 14:58:03.709 [main] DEBUG c.l.FileProcessing - Properties were loaded
01.08.2023 14:58:04.588 [main] DEBUG c.l.ConnectionCreator - Connection created
01.08.2023 14:58:04.589 [main] DEBUG c.l.FileProcessing - File dropTables.sql was found
01.08.2023 14:58:04.592 [main] DEBUG c.l.FileProcessing - File createTables.sql was found
01.08.2023 14:58:04.593 [main] DEBUG c.l.FileProcessing - File shop_address.csv was found
01.08.2023 14:58:04.617 [main] DEBUG c.l.QueriesProcessing - Batch was added
01.08.2023 14:58:04.618 [main] DEBUG c.l.QueriesProcessing - Batch was added
01.08.2023 14:58:04.618 [main] DEBUG c.l.QueriesProcessing - Batch was added
01.08.2023 14:58:04.619 [main] DEBUG c.l.QueriesProcessing - Batch was added
01.08.2023 14:58:04.619 [main] DEBUG c.l.QueriesProcessing - Batch was added
01.08.2023 14:58:04.620 [main] DEBUG c.l.QueriesProcessing - Batch was added
01.08.2023 14:58:04.620 [main] DEBUG c.l.QueriesProcessing - Batch was added
01.08.2023 14:58:04.621 [main] DEBUG c.l.QueriesProcessing - Batch was added
01.08.2023 14:58:04.622 [main] DEBUG c.l.QueriesProcessing - Batch was added
01.08.2023 14:58:04.622 [main] DEBUG c.l.QueriesProcessing - Batch was added
01.08.2023 14:58:04.623 [main] DEBUG c.l.QueriesProcessing - Batch was added
01.08.2023 14:58:04.623 [main] DEBUG c.l.QueriesProcessing - Batch was added
01.08.2023 14:58:04.623 [main] DEBUG c.l.QueriesProcessing - Batch was added
01.08.2023 14:58:04.624 [main] DEBUG c.l.QueriesProcessing - Batch was added
01.08.2023 14:58:04.624 [main] DEBUG c.l.QueriesProcessing - Batch was added
01.08.2023 14:58:04.636 [main] DEBUG c.l.QueriesProcessing - Data into table inserted
01.08.2023 14:58:04.657 [main] DEBUG c.l.FileProcessing - File product_type.csv was found
01.08.2023 14:58:04.657 [main] DEBUG c.l.QueriesProcessing - Data into table inserted
01.08.2023 14:58:04.658 [main] INFO  com.level3_2.App - Program finished
01.08.2023 14:58:42.760 [main] DEBUG com.level3_2.App - Start program
01.08.2023 14:58:42.782 [main] DEBUG c.l.FileProcessing - File config.properties was found
01.08.2023 14:58:42.786 [main] DEBUG c.l.FileProcessing - Properties were loaded
01.08.2023 14:58:42.787 [main] DEBUG c.l.FileProcessing - File config.properties was found
01.08.2023 14:58:42.789 [main] DEBUG c.l.FileProcessing - Properties were loaded
01.08.2023 14:58:43.652 [main] DEBUG c.l.ConnectionCreator - Connection created
01.08.2023 14:58:43.653 [main] DEBUG c.l.FileProcessing - File dropTables.sql was found
01.08.2023 14:58:43.655 [main] DEBUG c.l.FileProcessing - File createTables.sql was found
01.08.2023 14:58:43.657 [main] DEBUG c.l.FileProcessing - File shop_address.csv was found
01.08.2023 14:58:43.682 [main] DEBUG c.l.QueriesProcessing - Batch was added
01.08.2023 14:58:43.683 [main] DEBUG c.l.QueriesProcessing - Batch was added
01.08.2023 14:58:43.684 [main] DEBUG c.l.QueriesProcessing - Batch was added
01.08.2023 14:58:43.686 [main] DEBUG c.l.QueriesProcessing - Batch was added
01.08.2023 14:58:43.687 [main] DEBUG c.l.QueriesProcessing - Batch was added
01.08.2023 14:58:43.688 [main] DEBUG c.l.QueriesProcessing - Batch was added
01.08.2023 14:58:43.688 [main] DEBUG c.l.QueriesProcessing - Batch was added
01.08.2023 14:58:43.688 [main] DEBUG c.l.QueriesProcessing - Batch was added
01.08.2023 14:58:43.689 [main] DEBUG c.l.QueriesProcessing - Batch was added
01.08.2023 14:58:43.690 [main] DEBUG c.l.QueriesProcessing - Batch was added
01.08.2023 14:58:43.691 [main] DEBUG c.l.QueriesProcessing - Batch was added
01.08.2023 14:58:43.691 [main] DEBUG c.l.QueriesProcessing - Batch was added
01.08.2023 14:58:43.693 [main] DEBUG c.l.QueriesProcessing - Batch was added
01.08.2023 14:58:43.693 [main] DEBUG c.l.QueriesProcessing - Batch was added
01.08.2023 14:58:43.693 [main] DEBUG c.l.QueriesProcessing - Batch was added
01.08.2023 14:58:43.707 [main] DEBUG c.l.QueriesProcessing - Data into table inserted
01.08.2023 14:58:43.723 [main] DEBUG c.l.FileProcessing - File product_type.csv was found
01.08.2023 14:58:43.724 [main] DEBUG c.l.QueriesProcessing - Data into table inserted
01.08.2023 14:58:43.726 [main] INFO  com.level3_2.App - Program finished
01.08.2023 14:59:35.868 [main] DEBUG com.level3_2.App - Start program
01.08.2023 14:59:35.877 [main] DEBUG c.l.FileProcessing - File config.properties was found
01.08.2023 14:59:35.881 [main] DEBUG c.l.FileProcessing - Properties were loaded
01.08.2023 14:59:35.882 [main] DEBUG c.l.FileProcessing - File config.properties was found
01.08.2023 14:59:35.883 [main] DEBUG c.l.FileProcessing - Properties were loaded
01.08.2023 14:59:36.993 [main] DEBUG c.l.ConnectionCreator - Connection created
01.08.2023 14:59:36.994 [main] DEBUG c.l.FileProcessing - File dropTables.sql was found
01.08.2023 14:59:36.996 [main] DEBUG c.l.FileProcessing - File createTables.sql was found
01.08.2023 14:59:36.998 [main] DEBUG c.l.FileProcessing - File shop_address.csv was found
01.08.2023 14:59:37.024 [main] DEBUG c.l.QueriesProcessing - Batch was added
01.08.2023 14:59:37.025 [main] DEBUG c.l.QueriesProcessing - Batch was added
01.08.2023 14:59:37.025 [main] DEBUG c.l.QueriesProcessing - Batch was added
01.08.2023 14:59:37.026 [main] DEBUG c.l.QueriesProcessing - Batch was added
01.08.2023 14:59:37.026 [main] DEBUG c.l.QueriesProcessing - Batch was added
01.08.2023 14:59:37.027 [main] DEBUG c.l.QueriesProcessing - Batch was added
01.08.2023 14:59:37.027 [main] DEBUG c.l.QueriesProcessing - Batch was added
01.08.2023 14:59:37.028 [main] DEBUG c.l.QueriesProcessing - Batch was added
01.08.2023 14:59:37.028 [main] DEBUG c.l.QueriesProcessing - Batch was added
01.08.2023 14:59:37.029 [main] DEBUG c.l.QueriesProcessing - Batch was added
01.08.2023 14:59:37.030 [main] DEBUG c.l.QueriesProcessing - Batch was added
01.08.2023 14:59:37.030 [main] DEBUG c.l.QueriesProcessing - Batch was added
01.08.2023 14:59:37.030 [main] DEBUG c.l.QueriesProcessing - Batch was added
01.08.2023 14:59:37.030 [main] DEBUG c.l.QueriesProcessing - Batch was added
01.08.2023 14:59:37.031 [main] DEBUG c.l.QueriesProcessing - Batch was added
01.08.2023 14:59:37.045 [main] DEBUG c.l.QueriesProcessing - Data into table inserted
01.08.2023 14:59:37.064 [main] DEBUG c.l.FileProcessing - File product_type.csv was found
01.08.2023 14:59:37.065 [main] DEBUG c.l.QueriesProcessing - Batch was added
01.08.2023 14:59:37.065 [main] DEBUG c.l.QueriesProcessing - Batch was added
01.08.2023 14:59:37.065 [main] DEBUG c.l.QueriesProcessing - Batch was added
01.08.2023 14:59:37.066 [main] DEBUG c.l.QueriesProcessing - Batch was added
01.08.2023 14:59:37.066 [main] DEBUG c.l.QueriesProcessing - Batch was added
01.08.2023 14:59:37.066 [main] DEBUG c.l.QueriesProcessing - Batch was added
01.08.2023 14:59:37.066 [main] DEBUG c.l.QueriesProcessing - Batch was added
01.08.2023 14:59:37.067 [main] DEBUG c.l.QueriesProcessing - Batch was added
01.08.2023 14:59:37.067 [main] DEBUG c.l.QueriesProcessing - Batch was added
01.08.2023 14:59:37.068 [main] DEBUG c.l.QueriesProcessing - Batch was added
01.08.2023 14:59:37.068 [main] DEBUG c.l.QueriesProcessing - Batch was added
01.08.2023 14:59:37.068 [main] DEBUG c.l.QueriesProcessing - Batch was added
01.08.2023 14:59:37.069 [main] DEBUG c.l.QueriesProcessing - Batch was added
01.08.2023 14:59:37.069 [main] DEBUG c.l.QueriesProcessing - Batch was added
01.08.2023 14:59:37.069 [main] DEBUG c.l.QueriesProcessing - Batch was added
01.08.2023 14:59:37.070 [main] DEBUG c.l.QueriesProcessing - Batch was added
01.08.2023 14:59:37.070 [main] DEBUG c.l.QueriesProcessing - Batch was added
01.08.2023 14:59:37.070 [main] DEBUG c.l.QueriesProcessing - Batch was added
01.08.2023 14:59:37.071 [main] DEBUG c.l.QueriesProcessing - Batch was added
01.08.2023 14:59:37.071 [main] DEBUG c.l.QueriesProcessing - Batch was added
01.08.2023 14:59:37.093 [main] ERROR c.l.QueriesProcessing - Problems with statement
01.08.2023 14:59:37.095 [main] INFO  com.level3_2.App - Program finished
01.08.2023 14:59:56.904 [main] DEBUG com.level3_2.App - Start program
01.08.2023 14:59:56.915 [main] DEBUG c.l.FileProcessing - File config.properties was found
01.08.2023 14:59:56.921 [main] DEBUG c.l.FileProcessing - Properties were loaded
01.08.2023 14:59:56.922 [main] DEBUG c.l.FileProcessing - File config.properties was found
01.08.2023 14:59:56.922 [main] DEBUG c.l.FileProcessing - Properties were loaded
01.08.2023 14:59:57.800 [main] DEBUG c.l.ConnectionCreator - Connection created
01.08.2023 14:59:57.801 [main] DEBUG c.l.FileProcessing - File dropTables.sql was found
01.08.2023 14:59:57.805 [main] DEBUG c.l.FileProcessing - File createTables.sql was found
01.08.2023 14:59:57.806 [main] DEBUG c.l.FileProcessing - File shop_address.csv was found
01.08.2023 14:59:57.828 [main] DEBUG c.l.QueriesProcessing - Batch was added
01.08.2023 14:59:57.829 [main] DEBUG c.l.QueriesProcessing - Batch was added
01.08.2023 14:59:57.829 [main] DEBUG c.l.QueriesProcessing - Batch was added
01.08.2023 14:59:57.829 [main] DEBUG c.l.QueriesProcessing - Batch was added
01.08.2023 14:59:57.829 [main] DEBUG c.l.QueriesProcessing - Batch was added
01.08.2023 14:59:57.829 [main] DEBUG c.l.QueriesProcessing - Batch was added
01.08.2023 14:59:57.831 [main] DEBUG c.l.QueriesProcessing - Batch was added
01.08.2023 14:59:57.831 [main] DEBUG c.l.QueriesProcessing - Batch was added
01.08.2023 14:59:57.832 [main] DEBUG c.l.QueriesProcessing - Batch was added
01.08.2023 14:59:57.832 [main] DEBUG c.l.QueriesProcessing - Batch was added
01.08.2023 14:59:57.833 [main] DEBUG c.l.QueriesProcessing - Batch was added
01.08.2023 14:59:57.834 [main] DEBUG c.l.QueriesProcessing - Batch was added
01.08.2023 14:59:57.834 [main] DEBUG c.l.QueriesProcessing - Batch was added
01.08.2023 14:59:57.835 [main] DEBUG c.l.QueriesProcessing - Batch was added
01.08.2023 14:59:57.835 [main] DEBUG c.l.QueriesProcessing - Batch was added
01.08.2023 14:59:57.849 [main] DEBUG c.l.QueriesProcessing - Data into table inserted
01.08.2023 14:59:57.869 [main] DEBUG c.l.FileProcessing - File product_type.csv was found
01.08.2023 14:59:57.871 [main] DEBUG c.l.QueriesProcessing - Batch was added
01.08.2023 14:59:57.871 [main] DEBUG c.l.QueriesProcessing - Batch was added
01.08.2023 14:59:57.871 [main] DEBUG c.l.QueriesProcessing - Batch was added
01.08.2023 14:59:57.871 [main] DEBUG c.l.QueriesProcessing - Batch was added
01.08.2023 14:59:57.872 [main] DEBUG c.l.QueriesProcessing - Batch was added
01.08.2023 14:59:57.872 [main] DEBUG c.l.QueriesProcessing - Batch was added
01.08.2023 14:59:57.873 [main] DEBUG c.l.QueriesProcessing - Batch was added
01.08.2023 14:59:57.873 [main] DEBUG c.l.QueriesProcessing - Batch was added
01.08.2023 14:59:57.873 [main] DEBUG c.l.QueriesProcessing - Batch was added
01.08.2023 14:59:57.874 [main] DEBUG c.l.QueriesProcessing - Batch was added
01.08.2023 14:59:57.874 [main] DEBUG c.l.QueriesProcessing - Batch was added
01.08.2023 14:59:57.875 [main] DEBUG c.l.QueriesProcessing - Batch was added
01.08.2023 14:59:57.876 [main] DEBUG c.l.QueriesProcessing - Batch was added
01.08.2023 14:59:57.877 [main] DEBUG c.l.QueriesProcessing - Batch was added
01.08.2023 14:59:57.877 [main] DEBUG c.l.QueriesProcessing - Batch was added
01.08.2023 14:59:57.878 [main] DEBUG c.l.QueriesProcessing - Batch was added
01.08.2023 14:59:57.879 [main] DEBUG c.l.QueriesProcessing - Batch was added
01.08.2023 14:59:57.879 [main] DEBUG c.l.QueriesProcessing - Batch was added
01.08.2023 14:59:57.879 [main] DEBUG c.l.QueriesProcessing - Batch was added
01.08.2023 14:59:57.880 [main] DEBUG c.l.QueriesProcessing - Batch was added
01.08.2023 14:59:57.906 [main] ERROR c.l.QueriesProcessing - Problems with statement
01.08.2023 14:59:57.908 [main] INFO  com.level3_2.App - Program finished
01.08.2023 15:00:39.656 [main] DEBUG com.level3_2.App - Start program
01.08.2023 15:00:39.666 [main] DEBUG c.l.FileProcessing - File config.properties was found
01.08.2023 15:00:39.669 [main] DEBUG c.l.FileProcessing - Properties were loaded
01.08.2023 15:00:39.671 [main] DEBUG c.l.FileProcessing - File config.properties was found
01.08.2023 15:00:39.671 [main] DEBUG c.l.FileProcessing - Properties were loaded
01.08.2023 15:00:40.520 [main] DEBUG c.l.ConnectionCreator - Connection created
01.08.2023 15:00:40.521 [main] DEBUG c.l.FileProcessing - File dropTables.sql was found
01.08.2023 15:00:40.523 [main] DEBUG c.l.FileProcessing - File createTables.sql was found
01.08.2023 15:00:40.524 [main] DEBUG c.l.FileProcessing - File shop_address.csv was found
01.08.2023 15:00:40.543 [main] DEBUG c.l.QueriesProcessing - Batch was added
01.08.2023 15:00:40.544 [main] DEBUG c.l.QueriesProcessing - Batch was added
01.08.2023 15:00:40.544 [main] DEBUG c.l.QueriesProcessing - Batch was added
01.08.2023 15:00:40.545 [main] DEBUG c.l.QueriesProcessing - Batch was added
01.08.2023 15:00:40.545 [main] DEBUG c.l.QueriesProcessing - Batch was added
01.08.2023 15:00:40.545 [main] DEBUG c.l.QueriesProcessing - Batch was added
01.08.2023 15:00:40.546 [main] DEBUG c.l.QueriesProcessing - Batch was added
01.08.2023 15:00:40.546 [main] DEBUG c.l.QueriesProcessing - Batch was added
01.08.2023 15:00:40.546 [main] DEBUG c.l.QueriesProcessing - Batch was added
01.08.2023 15:00:40.546 [main] DEBUG c.l.QueriesProcessing - Batch was added
01.08.2023 15:00:40.547 [main] DEBUG c.l.QueriesProcessing - Batch was added
01.08.2023 15:00:40.547 [main] DEBUG c.l.QueriesProcessing - Batch was added
01.08.2023 15:00:40.547 [main] DEBUG c.l.QueriesProcessing - Batch was added
01.08.2023 15:00:40.548 [main] DEBUG c.l.QueriesProcessing - Batch was added
01.08.2023 15:00:40.548 [main] DEBUG c.l.QueriesProcessing - Batch was added
01.08.2023 15:00:40.561 [main] DEBUG c.l.QueriesProcessing - Data into table inserted
01.08.2023 15:00:40.580 [main] DEBUG c.l.FileProcessing - File product_type.csv was found
01.08.2023 15:00:40.581 [main] DEBUG c.l.QueriesProcessing - Batch was added
01.08.2023 15:00:40.581 [main] DEBUG c.l.QueriesProcessing - Batch was added
01.08.2023 15:00:40.581 [main] DEBUG c.l.QueriesProcessing - Batch was added
01.08.2023 15:00:40.581 [main] DEBUG c.l.QueriesProcessing - Batch was added
01.08.2023 15:00:40.582 [main] DEBUG c.l.QueriesProcessing - Batch was added
01.08.2023 15:00:40.582 [main] DEBUG c.l.QueriesProcessing - Batch was added
01.08.2023 15:00:40.583 [main] DEBUG c.l.QueriesProcessing - Batch was added
01.08.2023 15:00:40.583 [main] DEBUG c.l.QueriesProcessing - Batch was added
01.08.2023 15:00:40.583 [main] DEBUG c.l.QueriesProcessing - Batch was added
01.08.2023 15:00:40.584 [main] DEBUG c.l.QueriesProcessing - Batch was added
01.08.2023 15:00:40.584 [main] DEBUG c.l.QueriesProcessing - Batch was added
01.08.2023 15:00:40.585 [main] DEBUG c.l.QueriesProcessing - Batch was added
01.08.2023 15:00:40.585 [main] DEBUG c.l.QueriesProcessing - Batch was added
01.08.2023 15:00:40.586 [main] DEBUG c.l.QueriesProcessing - Batch was added
01.08.2023 15:00:40.586 [main] DEBUG c.l.QueriesProcessing - Batch was added
01.08.2023 15:00:40.586 [main] DEBUG c.l.QueriesProcessing - Batch was added
01.08.2023 15:00:40.587 [main] DEBUG c.l.QueriesProcessing - Batch was added
01.08.2023 15:00:40.587 [main] DEBUG c.l.QueriesProcessing - Batch was added
01.08.2023 15:00:40.587 [main] DEBUG c.l.QueriesProcessing - Batch was added
01.08.2023 15:00:40.588 [main] DEBUG c.l.QueriesProcessing - Batch was added
01.08.2023 15:00:40.605 [main] ERROR c.l.QueriesProcessing - Problems with statement
01.08.2023 15:00:40.607 [main] INFO  com.level3_2.App - Program finished
01.08.2023 15:01:17.667 [main] DEBUG com.level3_2.App - Start program
01.08.2023 15:01:17.680 [main] DEBUG c.l.FileProcessing - File config.properties was found
01.08.2023 15:01:17.687 [main] DEBUG c.l.FileProcessing - Properties were loaded
01.08.2023 15:01:17.689 [main] DEBUG c.l.FileProcessing - File config.properties was found
01.08.2023 15:01:17.689 [main] DEBUG c.l.FileProcessing - Properties were loaded
01.08.2023 15:01:18.543 [main] DEBUG c.l.ConnectionCreator - Connection created
01.08.2023 15:01:18.544 [main] DEBUG c.l.FileProcessing - File dropTables.sql was found
01.08.2023 15:01:18.546 [main] DEBUG c.l.FileProcessing - File createTables.sql was found
01.08.2023 15:01:18.547 [main] DEBUG c.l.FileProcessing - File shop_address.csv was found
01.08.2023 15:01:18.567 [main] DEBUG c.l.QueriesProcessing - Batch was added
01.08.2023 15:01:18.568 [main] DEBUG c.l.QueriesProcessing - Batch was added
01.08.2023 15:01:18.569 [main] DEBUG c.l.QueriesProcessing - Batch was added
01.08.2023 15:01:18.569 [main] DEBUG c.l.QueriesProcessing - Batch was added
01.08.2023 15:01:18.570 [main] DEBUG c.l.QueriesProcessing - Batch was added
01.08.2023 15:01:18.571 [main] DEBUG c.l.QueriesProcessing - Batch was added
01.08.2023 15:01:18.571 [main] DEBUG c.l.QueriesProcessing - Batch was added
01.08.2023 15:01:18.571 [main] DEBUG c.l.QueriesProcessing - Batch was added
01.08.2023 15:01:18.571 [main] DEBUG c.l.QueriesProcessing - Batch was added
01.08.2023 15:01:18.572 [main] DEBUG c.l.QueriesProcessing - Batch was added
01.08.2023 15:01:18.572 [main] DEBUG c.l.QueriesProcessing - Batch was added
01.08.2023 15:01:18.573 [main] DEBUG c.l.QueriesProcessing - Batch was added
01.08.2023 15:01:18.573 [main] DEBUG c.l.QueriesProcessing - Batch was added
01.08.2023 15:01:18.573 [main] DEBUG c.l.QueriesProcessing - Batch was added
01.08.2023 15:01:18.574 [main] DEBUG c.l.QueriesProcessing - Batch was added
01.08.2023 15:01:18.583 [main] DEBUG c.l.QueriesProcessing - Data into table inserted
01.08.2023 15:01:18.599 [main] DEBUG c.l.FileProcessing - File product_type.csv was found
01.08.2023 15:01:18.600 [main] DEBUG c.l.QueriesProcessing - Batch was added
01.08.2023 15:01:18.601 [main] DEBUG c.l.QueriesProcessing - Batch was added
01.08.2023 15:01:18.601 [main] DEBUG c.l.QueriesProcessing - Batch was added
01.08.2023 15:01:18.601 [main] DEBUG c.l.QueriesProcessing - Batch was added
01.08.2023 15:01:18.602 [main] DEBUG c.l.QueriesProcessing - Batch was added
01.08.2023 15:01:18.602 [main] DEBUG c.l.QueriesProcessing - Batch was added
01.08.2023 15:01:18.602 [main] DEBUG c.l.QueriesProcessing - Batch was added
01.08.2023 15:01:18.603 [main] DEBUG c.l.QueriesProcessing - Batch was added
01.08.2023 15:01:18.603 [main] DEBUG c.l.QueriesProcessing - Batch was added
01.08.2023 15:01:18.603 [main] DEBUG c.l.QueriesProcessing - Batch was added
01.08.2023 15:01:18.604 [main] DEBUG c.l.QueriesProcessing - Batch was added
01.08.2023 15:01:18.604 [main] DEBUG c.l.QueriesProcessing - Batch was added
01.08.2023 15:01:18.604 [main] DEBUG c.l.QueriesProcessing - Batch was added
01.08.2023 15:01:18.605 [main] DEBUG c.l.QueriesProcessing - Batch was added
01.08.2023 15:01:18.605 [main] DEBUG c.l.QueriesProcessing - Batch was added
01.08.2023 15:01:18.605 [main] DEBUG c.l.QueriesProcessing - Batch was added
01.08.2023 15:01:18.606 [main] DEBUG c.l.QueriesProcessing - Batch was added
01.08.2023 15:01:18.606 [main] DEBUG c.l.QueriesProcessing - Batch was added
01.08.2023 15:01:18.607 [main] DEBUG c.l.QueriesProcessing - Batch was added
01.08.2023 15:01:18.607 [main] DEBUG c.l.QueriesProcessing - Batch was added
01.08.2023 15:01:18.626 [main] ERROR c.l.QueriesProcessing - Problems with statement
01.08.2023 15:01:18.628 [main] INFO  com.level3_2.App - Program finished
01.08.2023 15:09:36.206 [main] DEBUG com.level3_2.App - Start program
01.08.2023 15:09:36.234 [main] DEBUG c.l.FileProcessing - File config.properties was found
01.08.2023 15:09:36.240 [main] DEBUG c.l.FileProcessing - Properties were loaded
01.08.2023 15:09:36.261 [main] DEBUG c.l.FileProcessing - File config.properties was found
01.08.2023 15:09:36.263 [main] DEBUG c.l.FileProcessing - Properties were loaded
01.08.2023 15:09:37.152 [main] DEBUG c.l.ConnectionCreator - Connection created
01.08.2023 15:09:37.154 [main] DEBUG c.l.FileProcessing - File dropTables.sql was found
01.08.2023 15:09:37.156 [main] DEBUG c.l.FileProcessing - File createTables.sql was found
01.08.2023 15:09:37.157 [main] DEBUG c.l.FileProcessing - File shop_address.csv was found
01.08.2023 15:09:37.180 [main] DEBUG c.l.QueriesProcessing - Batch was added
01.08.2023 15:09:37.181 [main] DEBUG c.l.QueriesProcessing - Batch was added
01.08.2023 15:09:37.182 [main] DEBUG c.l.QueriesProcessing - Batch was added
01.08.2023 15:09:37.182 [main] DEBUG c.l.QueriesProcessing - Batch was added
01.08.2023 15:09:37.183 [main] DEBUG c.l.QueriesProcessing - Batch was added
01.08.2023 15:09:37.183 [main] DEBUG c.l.QueriesProcessing - Batch was added
01.08.2023 15:09:37.184 [main] DEBUG c.l.QueriesProcessing - Batch was added
01.08.2023 15:09:37.184 [main] DEBUG c.l.QueriesProcessing - Batch was added
01.08.2023 15:09:37.185 [main] DEBUG c.l.QueriesProcessing - Batch was added
01.08.2023 15:09:37.185 [main] DEBUG c.l.QueriesProcessing - Batch was added
01.08.2023 15:09:37.185 [main] DEBUG c.l.QueriesProcessing - Batch was added
01.08.2023 15:09:37.186 [main] DEBUG c.l.QueriesProcessing - Batch was added
01.08.2023 15:09:37.187 [main] DEBUG c.l.QueriesProcessing - Batch was added
01.08.2023 15:09:37.187 [main] DEBUG c.l.QueriesProcessing - Batch was added
01.08.2023 15:09:37.187 [main] DEBUG c.l.QueriesProcessing - Batch was added
01.08.2023 15:09:37.200 [main] DEBUG c.l.QueriesProcessing - Data into table inserted
01.08.2023 15:09:37.219 [main] DEBUG c.l.FileProcessing - File product_type.csv was found
01.08.2023 15:09:37.220 [main] DEBUG c.l.QueriesProcessing - Batch was added
01.08.2023 15:09:37.220 [main] DEBUG c.l.QueriesProcessing - Batch was added
01.08.2023 15:09:37.221 [main] DEBUG c.l.QueriesProcessing - Batch was added
01.08.2023 15:09:37.222 [main] DEBUG c.l.QueriesProcessing - Batch was added
01.08.2023 15:09:37.222 [main] DEBUG c.l.QueriesProcessing - Batch was added
01.08.2023 15:09:37.222 [main] DEBUG c.l.QueriesProcessing - Batch was added
01.08.2023 15:09:37.223 [main] DEBUG c.l.QueriesProcessing - Batch was added
01.08.2023 15:09:37.223 [main] DEBUG c.l.QueriesProcessing - Batch was added
01.08.2023 15:09:37.223 [main] DEBUG c.l.QueriesProcessing - Batch was added
01.08.2023 15:09:37.225 [main] DEBUG c.l.QueriesProcessing - Batch was added
01.08.2023 15:09:37.225 [main] DEBUG c.l.QueriesProcessing - Batch was added
01.08.2023 15:09:37.226 [main] DEBUG c.l.QueriesProcessing - Batch was added
01.08.2023 15:09:37.226 [main] DEBUG c.l.QueriesProcessing - Batch was added
01.08.2023 15:09:37.226 [main] DEBUG c.l.QueriesProcessing - Batch was added
01.08.2023 15:09:37.226 [main] DEBUG c.l.QueriesProcessing - Batch was added
01.08.2023 15:09:37.227 [main] DEBUG c.l.QueriesProcessing - Batch was added
01.08.2023 15:09:37.227 [main] DEBUG c.l.QueriesProcessing - Batch was added
01.08.2023 15:09:37.227 [main] DEBUG c.l.QueriesProcessing - Batch was added
01.08.2023 15:09:37.228 [main] DEBUG c.l.QueriesProcessing - Batch was added
01.08.2023 15:09:37.228 [main] DEBUG c.l.QueriesProcessing - Batch was added
01.08.2023 15:09:37.255 [main] ERROR c.l.QueriesProcessing - Problems with statement
01.08.2023 15:09:37.257 [main] INFO  com.level3_2.App - Program finished
01.08.2023 15:36:19.116 [main] DEBUG com.level3_2.App - Start program
01.08.2023 15:36:19.128 [main] DEBUG c.l.FileProcessing - File config.properties was found
01.08.2023 15:36:19.132 [main] DEBUG c.l.FileProcessing - Properties were loaded
01.08.2023 15:36:19.134 [main] DEBUG c.l.FileProcessing - File config.properties was found
01.08.2023 15:36:19.135 [main] DEBUG c.l.FileProcessing - Properties were loaded
01.08.2023 15:36:19.966 [main] DEBUG c.l.ConnectionCreator - Connection created
01.08.2023 15:36:19.968 [main] DEBUG c.l.FileProcessing - File dropTables.sql was found
01.08.2023 15:36:19.969 [main] DEBUG c.l.FileProcessing - File createTables.sql was found
01.08.2023 15:36:19.970 [main] DEBUG c.l.FileProcessing - File shop_address.csv was found
01.08.2023 15:36:19.995 [main] DEBUG c.l.QueriesProcessing - Batch was added
01.08.2023 15:36:19.996 [main] DEBUG c.l.QueriesProcessing - Batch was added
01.08.2023 15:36:19.997 [main] DEBUG c.l.QueriesProcessing - Batch was added
01.08.2023 15:36:19.997 [main] DEBUG c.l.QueriesProcessing - Batch was added
01.08.2023 15:36:19.998 [main] DEBUG c.l.QueriesProcessing - Batch was added
01.08.2023 15:36:19.999 [main] DEBUG c.l.QueriesProcessing - Batch was added
01.08.2023 15:36:20.000 [main] DEBUG c.l.QueriesProcessing - Batch was added
01.08.2023 15:36:20.000 [main] DEBUG c.l.QueriesProcessing - Batch was added
01.08.2023 15:36:20.001 [main] DEBUG c.l.QueriesProcessing - Batch was added
01.08.2023 15:36:20.001 [main] DEBUG c.l.QueriesProcessing - Batch was added
01.08.2023 15:36:20.002 [main] DEBUG c.l.QueriesProcessing - Batch was added
01.08.2023 15:36:20.002 [main] DEBUG c.l.QueriesProcessing - Batch was added
01.08.2023 15:36:20.002 [main] DEBUG c.l.QueriesProcessing - Batch was added
01.08.2023 15:36:20.003 [main] DEBUG c.l.QueriesProcessing - Batch was added
01.08.2023 15:36:20.003 [main] DEBUG c.l.QueriesProcessing - Batch was added
01.08.2023 15:36:20.018 [main] DEBUG c.l.QueriesProcessing - Data into table inserted
01.08.2023 15:36:20.038 [main] DEBUG c.l.FileProcessing - File product_type.csv was found
01.08.2023 15:36:20.039 [main] DEBUG c.l.QueriesProcessing - Batch was added
01.08.2023 15:36:20.039 [main] DEBUG c.l.QueriesProcessing - Batch was added
01.08.2023 15:36:20.040 [main] DEBUG c.l.QueriesProcessing - Batch was added
01.08.2023 15:36:20.040 [main] DEBUG c.l.QueriesProcessing - Batch was added
01.08.2023 15:36:20.040 [main] DEBUG c.l.QueriesProcessing - Batch was added
01.08.2023 15:36:20.041 [main] DEBUG c.l.QueriesProcessing - Batch was added
01.08.2023 15:36:20.041 [main] DEBUG c.l.QueriesProcessing - Batch was added
01.08.2023 15:36:20.042 [main] DEBUG c.l.QueriesProcessing - Batch was added
01.08.2023 15:36:20.042 [main] DEBUG c.l.QueriesProcessing - Batch was added
01.08.2023 15:36:20.042 [main] DEBUG c.l.QueriesProcessing - Batch was added
01.08.2023 15:36:20.043 [main] DEBUG c.l.QueriesProcessing - Batch was added
01.08.2023 15:36:20.043 [main] DEBUG c.l.QueriesProcessing - Batch was added
01.08.2023 15:36:20.043 [main] DEBUG c.l.QueriesProcessing - Batch was added
01.08.2023 15:36:20.043 [main] DEBUG c.l.QueriesProcessing - Batch was added
01.08.2023 15:36:20.045 [main] DEBUG c.l.QueriesProcessing - Batch was added
01.08.2023 15:36:20.045 [main] DEBUG c.l.QueriesProcessing - Batch was added
01.08.2023 15:36:20.046 [main] DEBUG c.l.QueriesProcessing - Batch was added
01.08.2023 15:36:20.046 [main] DEBUG c.l.QueriesProcessing - Batch was added
01.08.2023 15:36:20.046 [main] DEBUG c.l.QueriesProcessing - Batch was added
01.08.2023 15:36:20.047 [main] DEBUG c.l.QueriesProcessing - Batch was added
01.08.2023 15:36:20.052 [main] DEBUG c.l.QueriesProcessing - Data into table inserted
01.08.2023 15:36:20.065 [main] INFO  com.level3_2.App - Program finished
01.08.2023 15:37:08.483 [main] DEBUG com.level3_2.App - Start program
01.08.2023 15:37:08.496 [main] DEBUG c.l.FileProcessing - File config.properties was found
01.08.2023 15:37:08.501 [main] DEBUG c.l.FileProcessing - Properties were loaded
01.08.2023 15:37:08.503 [main] DEBUG c.l.FileProcessing - File config.properties was found
01.08.2023 15:37:08.503 [main] DEBUG c.l.FileProcessing - Properties were loaded
01.08.2023 15:37:09.339 [main] DEBUG c.l.ConnectionCreator - Connection created
01.08.2023 15:37:09.341 [main] DEBUG c.l.FileProcessing - File dropTables.sql was found
01.08.2023 15:37:09.343 [main] DEBUG c.l.FileProcessing - File createTables.sql was found
01.08.2023 15:37:09.344 [main] DEBUG c.l.FileProcessing - File shop_address.csv was found
01.08.2023 15:37:09.368 [main] DEBUG c.l.QueriesProcessing - Batch was added
01.08.2023 15:37:09.370 [main] DEBUG c.l.QueriesProcessing - Batch was added
01.08.2023 15:37:09.370 [main] DEBUG c.l.QueriesProcessing - Batch was added
01.08.2023 15:37:09.371 [main] DEBUG c.l.QueriesProcessing - Batch was added
01.08.2023 15:37:09.372 [main] DEBUG c.l.QueriesProcessing - Batch was added
01.08.2023 15:37:09.372 [main] DEBUG c.l.QueriesProcessing - Batch was added
01.08.2023 15:37:09.373 [main] DEBUG c.l.QueriesProcessing - Batch was added
01.08.2023 15:37:09.373 [main] DEBUG c.l.QueriesProcessing - Batch was added
01.08.2023 15:37:09.375 [main] DEBUG c.l.QueriesProcessing - Batch was added
01.08.2023 15:37:09.376 [main] DEBUG c.l.QueriesProcessing - Batch was added
01.08.2023 15:37:09.376 [main] DEBUG c.l.QueriesProcessing - Batch was added
01.08.2023 15:37:09.376 [main] DEBUG c.l.QueriesProcessing - Batch was added
01.08.2023 15:37:09.377 [main] DEBUG c.l.QueriesProcessing - Batch was added
01.08.2023 15:37:09.378 [main] DEBUG c.l.QueriesProcessing - Batch was added
01.08.2023 15:37:09.378 [main] DEBUG c.l.QueriesProcessing - Batch was added
01.08.2023 15:37:09.390 [main] DEBUG c.l.QueriesProcessing - Data into table inserted
01.08.2023 15:37:09.417 [main] DEBUG c.l.FileProcessing - File product_type.csv was found
01.08.2023 15:37:09.418 [main] DEBUG c.l.QueriesProcessing - Batch was added
01.08.2023 15:37:09.419 [main] DEBUG c.l.QueriesProcessing - Batch was added
01.08.2023 15:37:09.419 [main] DEBUG c.l.QueriesProcessing - Batch was added
01.08.2023 15:37:09.420 [main] DEBUG c.l.QueriesProcessing - Batch was added
01.08.2023 15:37:09.420 [main] DEBUG c.l.QueriesProcessing - Batch was added
01.08.2023 15:37:09.420 [main] DEBUG c.l.QueriesProcessing - Batch was added
01.08.2023 15:37:09.421 [main] DEBUG c.l.QueriesProcessing - Batch was added
01.08.2023 15:37:09.421 [main] DEBUG c.l.QueriesProcessing - Batch was added
01.08.2023 15:37:09.422 [main] DEBUG c.l.QueriesProcessing - Batch was added
01.08.2023 15:37:09.422 [main] DEBUG c.l.QueriesProcessing - Batch was added
01.08.2023 15:37:09.422 [main] DEBUG c.l.QueriesProcessing - Batch was added
01.08.2023 15:37:09.423 [main] DEBUG c.l.QueriesProcessing - Batch was added
01.08.2023 15:37:09.423 [main] DEBUG c.l.QueriesProcessing - Batch was added
01.08.2023 15:37:09.423 [main] DEBUG c.l.QueriesProcessing - Batch was added
01.08.2023 15:37:09.424 [main] DEBUG c.l.QueriesProcessing - Batch was added
01.08.2023 15:37:09.424 [main] DEBUG c.l.QueriesProcessing - Batch was added
01.08.2023 15:37:09.425 [main] DEBUG c.l.QueriesProcessing - Batch was added
01.08.2023 15:37:09.425 [main] DEBUG c.l.QueriesProcessing - Batch was added
01.08.2023 15:37:09.425 [main] DEBUG c.l.QueriesProcessing - Batch was added
01.08.2023 15:37:09.426 [main] DEBUG c.l.QueriesProcessing - Batch was added
01.08.2023 15:37:09.431 [main] DEBUG c.l.QueriesProcessing - Data into table inserted
01.08.2023 15:37:09.436 [main] INFO  com.level3_2.App - Program finished
01.08.2023 15:39:13.098 [main] DEBUG com.level3_2.App - Start program
01.08.2023 15:39:13.107 [main] DEBUG c.l.FileProcessing - File config.properties was found
01.08.2023 15:39:13.111 [main] DEBUG c.l.FileProcessing - Properties were loaded
01.08.2023 15:39:13.112 [main] DEBUG c.l.FileProcessing - File config.properties was found
01.08.2023 15:39:13.112 [main] DEBUG c.l.FileProcessing - Properties were loaded
01.08.2023 15:39:13.974 [main] DEBUG c.l.ConnectionCreator - Connection created
01.08.2023 15:39:13.975 [main] DEBUG c.l.FileProcessing - File dropTables.sql was found
01.08.2023 15:39:13.977 [main] DEBUG c.l.FileProcessing - File createTables.sql was found
01.08.2023 15:39:13.978 [main] DEBUG c.l.FileProcessing - File dropTables.sql was found
01.08.2023 15:39:13.979 [main] DEBUG c.l.FileProcessing - File createTables.sql was found
01.08.2023 15:39:13.981 [main] DEBUG c.l.FileProcessing - File shop_address.csv was found
01.08.2023 15:39:13.999 [main] DEBUG c.l.QueriesProcessing - Batch was added
01.08.2023 15:39:13.999 [main] DEBUG c.l.QueriesProcessing - Batch was added
01.08.2023 15:39:14.000 [main] DEBUG c.l.QueriesProcessing - Batch was added
01.08.2023 15:39:14.000 [main] DEBUG c.l.QueriesProcessing - Batch was added
01.08.2023 15:39:14.000 [main] DEBUG c.l.QueriesProcessing - Batch was added
01.08.2023 15:39:14.001 [main] DEBUG c.l.QueriesProcessing - Batch was added
01.08.2023 15:39:14.002 [main] DEBUG c.l.QueriesProcessing - Batch was added
01.08.2023 15:39:14.002 [main] DEBUG c.l.QueriesProcessing - Batch was added
01.08.2023 15:39:14.003 [main] DEBUG c.l.QueriesProcessing - Batch was added
01.08.2023 15:39:14.003 [main] DEBUG c.l.QueriesProcessing - Batch was added
01.08.2023 15:39:14.003 [main] DEBUG c.l.QueriesProcessing - Batch was added
01.08.2023 15:39:14.005 [main] DEBUG c.l.QueriesProcessing - Batch was added
01.08.2023 15:39:14.005 [main] DEBUG c.l.QueriesProcessing - Batch was added
01.08.2023 15:39:14.005 [main] DEBUG c.l.QueriesProcessing - Batch was added
01.08.2023 15:39:14.006 [main] DEBUG c.l.QueriesProcessing - Batch was added
01.08.2023 15:39:14.018 [main] DEBUG c.l.QueriesProcessing - Data into table inserted
01.08.2023 15:39:14.053 [main] DEBUG c.l.FileProcessing - File product_type.csv was found
01.08.2023 15:39:14.054 [main] DEBUG c.l.QueriesProcessing - Batch was added
01.08.2023 15:39:14.055 [main] DEBUG c.l.QueriesProcessing - Batch was added
01.08.2023 15:39:14.055 [main] DEBUG c.l.QueriesProcessing - Batch was added
01.08.2023 15:39:14.055 [main] DEBUG c.l.QueriesProcessing - Batch was added
01.08.2023 15:39:14.056 [main] DEBUG c.l.QueriesProcessing - Batch was added
01.08.2023 15:39:14.056 [main] DEBUG c.l.QueriesProcessing - Batch was added
01.08.2023 15:39:14.056 [main] DEBUG c.l.QueriesProcessing - Batch was added
01.08.2023 15:39:14.057 [main] DEBUG c.l.QueriesProcessing - Batch was added
01.08.2023 15:39:14.057 [main] DEBUG c.l.QueriesProcessing - Batch was added
01.08.2023 15:39:14.058 [main] DEBUG c.l.QueriesProcessing - Batch was added
01.08.2023 15:39:14.058 [main] DEBUG c.l.QueriesProcessing - Batch was added
01.08.2023 15:39:14.059 [main] DEBUG c.l.QueriesProcessing - Batch was added
01.08.2023 15:39:14.060 [main] DEBUG c.l.QueriesProcessing - Batch was added
01.08.2023 15:39:14.060 [main] DEBUG c.l.QueriesProcessing - Batch was added
01.08.2023 15:39:14.061 [main] DEBUG c.l.QueriesProcessing - Batch was added
01.08.2023 15:39:14.061 [main] DEBUG c.l.QueriesProcessing - Batch was added
01.08.2023 15:39:14.061 [main] DEBUG c.l.QueriesProcessing - Batch was added
01.08.2023 15:39:14.062 [main] DEBUG c.l.QueriesProcessing - Batch was added
01.08.2023 15:39:14.062 [main] DEBUG c.l.QueriesProcessing - Batch was added
01.08.2023 15:39:14.063 [main] DEBUG c.l.QueriesProcessing - Batch was added
01.08.2023 15:39:14.068 [main] DEBUG c.l.QueriesProcessing - Data into table inserted
01.08.2023 15:39:14.075 [main] INFO  com.level3_2.App - Program finished
01.08.2023 15:41:55.411 [main] DEBUG com.level3_2.App - Start program
01.08.2023 15:41:55.440 [main] DEBUG c.l.FileProcessing - File config.properties was found
01.08.2023 15:41:55.446 [main] DEBUG c.l.FileProcessing - Properties were loaded
01.08.2023 15:41:55.447 [main] DEBUG c.l.FileProcessing - File config.properties was found
01.08.2023 15:41:55.448 [main] DEBUG c.l.FileProcessing - Properties were loaded
01.08.2023 15:41:56.306 [main] DEBUG c.l.ConnectionCreator - Connection created
01.08.2023 15:41:56.307 [main] DEBUG c.l.FileProcessing - File dropTables.sql was found
01.08.2023 15:41:56.309 [main] DEBUG c.l.FileProcessing - File createTables.sql was found
01.08.2023 15:41:56.310 [main] DEBUG c.l.FileProcessing - File dropTables.sql was found
01.08.2023 15:41:56.311 [main] DEBUG c.l.FileProcessing - File createTables.sql was found
01.08.2023 15:41:56.312 [main] DEBUG c.l.FileProcessing - File shop_address.csv was found
01.08.2023 15:41:56.335 [main] DEBUG c.l.QueriesProcessing - Batch was added
01.08.2023 15:41:56.335 [main] DEBUG c.l.QueriesProcessing - Batch was added
01.08.2023 15:41:56.336 [main] DEBUG c.l.QueriesProcessing - Batch was added
01.08.2023 15:41:56.337 [main] DEBUG c.l.QueriesProcessing - Batch was added
01.08.2023 15:41:56.337 [main] DEBUG c.l.QueriesProcessing - Batch was added
01.08.2023 15:41:56.338 [main] DEBUG c.l.QueriesProcessing - Batch was added
01.08.2023 15:41:56.338 [main] DEBUG c.l.QueriesProcessing - Batch was added
01.08.2023 15:41:56.339 [main] DEBUG c.l.QueriesProcessing - Batch was added
01.08.2023 15:41:56.339 [main] DEBUG c.l.QueriesProcessing - Batch was added
01.08.2023 15:41:56.340 [main] DEBUG c.l.QueriesProcessing - Batch was added
01.08.2023 15:41:56.340 [main] DEBUG c.l.QueriesProcessing - Batch was added
01.08.2023 15:41:56.341 [main] DEBUG c.l.QueriesProcessing - Batch was added
01.08.2023 15:41:56.342 [main] DEBUG c.l.QueriesProcessing - Batch was added
01.08.2023 15:41:56.342 [main] DEBUG c.l.QueriesProcessing - Batch was added
01.08.2023 15:41:56.343 [main] DEBUG c.l.QueriesProcessing - Batch was added
01.08.2023 15:41:56.355 [main] DEBUG c.l.QueriesProcessing - Data into table inserted
01.08.2023 15:41:56.386 [main] DEBUG c.l.FileProcessing - File product_type.csv was found
01.08.2023 15:41:56.387 [main] DEBUG c.l.QueriesProcessing - Batch was added
01.08.2023 15:41:56.387 [main] DEBUG c.l.QueriesProcessing - Batch was added
01.08.2023 15:41:56.388 [main] DEBUG c.l.QueriesProcessing - Batch was added
01.08.2023 15:41:56.388 [main] DEBUG c.l.QueriesProcessing - Batch was added
01.08.2023 15:41:56.388 [main] DEBUG c.l.QueriesProcessing - Batch was added
01.08.2023 15:41:56.388 [main] DEBUG c.l.QueriesProcessing - Batch was added
01.08.2023 15:41:56.388 [main] DEBUG c.l.QueriesProcessing - Batch was added
01.08.2023 15:41:56.390 [main] DEBUG c.l.QueriesProcessing - Batch was added
01.08.2023 15:41:56.390 [main] DEBUG c.l.QueriesProcessing - Batch was added
01.08.2023 15:41:56.391 [main] DEBUG c.l.QueriesProcessing - Batch was added
01.08.2023 15:41:56.391 [main] DEBUG c.l.QueriesProcessing - Batch was added
01.08.2023 15:41:56.391 [main] DEBUG c.l.QueriesProcessing - Batch was added
01.08.2023 15:41:56.392 [main] DEBUG c.l.QueriesProcessing - Batch was added
01.08.2023 15:41:56.392 [main] DEBUG c.l.QueriesProcessing - Batch was added
01.08.2023 15:41:56.393 [main] DEBUG c.l.QueriesProcessing - Batch was added
01.08.2023 15:41:56.393 [main] DEBUG c.l.QueriesProcessing - Batch was added
01.08.2023 15:41:56.394 [main] DEBUG c.l.QueriesProcessing - Batch was added
01.08.2023 15:41:56.394 [main] DEBUG c.l.QueriesProcessing - Batch was added
01.08.2023 15:41:56.394 [main] DEBUG c.l.QueriesProcessing - Batch was added
01.08.2023 15:41:56.395 [main] DEBUG c.l.QueriesProcessing - Batch was added
01.08.2023 15:41:56.400 [main] DEBUG c.l.QueriesProcessing - Data into table inserted
01.08.2023 15:41:56.407 [main] INFO  com.level3_2.App - Program finished
01.08.2023 15:43:09.913 [main] DEBUG com.level3_2.App - Start program
01.08.2023 15:43:09.937 [main] DEBUG c.l.FileProcessing - File config.properties was found
01.08.2023 15:43:09.942 [main] DEBUG c.l.FileProcessing - Properties were loaded
01.08.2023 15:43:09.943 [main] DEBUG c.l.FileProcessing - File config.properties was found
01.08.2023 15:43:09.944 [main] DEBUG c.l.FileProcessing - Properties were loaded
01.08.2023 15:43:10.792 [main] DEBUG c.l.ConnectionCreator - Connection created
01.08.2023 15:43:10.793 [main] DEBUG c.l.FileProcessing - File dropTables.sql was found
01.08.2023 15:43:10.796 [main] DEBUG c.l.FileProcessing - File createTables.sql was found
01.08.2023 15:43:10.797 [main] DEBUG c.l.FileProcessing - File dropTables.sql was found
01.08.2023 15:43:10.798 [main] DEBUG c.l.FileProcessing - File createTables.sql was found
01.08.2023 15:43:10.799 [main] DEBUG c.l.FileProcessing - File shop_address.csv was found
01.08.2023 15:43:10.816 [main] DEBUG c.l.QueriesProcessing - Batch was added
01.08.2023 15:43:10.817 [main] DEBUG c.l.QueriesProcessing - Batch was added
01.08.2023 15:43:10.818 [main] DEBUG c.l.QueriesProcessing - Batch was added
01.08.2023 15:43:10.818 [main] DEBUG c.l.QueriesProcessing - Batch was added
01.08.2023 15:43:10.819 [main] DEBUG c.l.QueriesProcessing - Batch was added
01.08.2023 15:43:10.819 [main] DEBUG c.l.QueriesProcessing - Batch was added
01.08.2023 15:43:10.820 [main] DEBUG c.l.QueriesProcessing - Batch was added
01.08.2023 15:43:10.820 [main] DEBUG c.l.QueriesProcessing - Batch was added
01.08.2023 15:43:10.821 [main] DEBUG c.l.QueriesProcessing - Batch was added
01.08.2023 15:43:10.821 [main] DEBUG c.l.QueriesProcessing - Batch was added
01.08.2023 15:43:10.821 [main] DEBUG c.l.QueriesProcessing - Batch was added
01.08.2023 15:43:10.822 [main] DEBUG c.l.QueriesProcessing - Batch was added
01.08.2023 15:43:10.822 [main] DEBUG c.l.QueriesProcessing - Batch was added
01.08.2023 15:43:10.822 [main] DEBUG c.l.QueriesProcessing - Batch was added
01.08.2023 15:43:10.823 [main] DEBUG c.l.QueriesProcessing - Batch was added
01.08.2023 15:43:10.834 [main] DEBUG c.l.QueriesProcessing - Data into table inserted
01.08.2023 15:43:10.835 [main] DEBUG c.l.FileProcessing - File product_type.csv was found
01.08.2023 15:43:10.836 [main] DEBUG c.l.QueriesProcessing - Batch was added
01.08.2023 15:43:10.837 [main] DEBUG c.l.QueriesProcessing - Batch was added
01.08.2023 15:43:10.837 [main] DEBUG c.l.QueriesProcessing - Batch was added
01.08.2023 15:43:10.838 [main] DEBUG c.l.QueriesProcessing - Batch was added
01.08.2023 15:43:10.838 [main] DEBUG c.l.QueriesProcessing - Batch was added
01.08.2023 15:43:10.839 [main] DEBUG c.l.QueriesProcessing - Batch was added
01.08.2023 15:43:10.839 [main] DEBUG c.l.QueriesProcessing - Batch was added
01.08.2023 15:43:10.840 [main] DEBUG c.l.QueriesProcessing - Batch was added
01.08.2023 15:43:10.840 [main] DEBUG c.l.QueriesProcessing - Batch was added
01.08.2023 15:43:10.840 [main] DEBUG c.l.QueriesProcessing - Batch was added
01.08.2023 15:43:10.842 [main] DEBUG c.l.QueriesProcessing - Batch was added
01.08.2023 15:43:10.842 [main] DEBUG c.l.QueriesProcessing - Batch was added
01.08.2023 15:43:10.842 [main] DEBUG c.l.QueriesProcessing - Batch was added
01.08.2023 15:43:10.842 [main] DEBUG c.l.QueriesProcessing - Batch was added
01.08.2023 15:43:10.843 [main] DEBUG c.l.QueriesProcessing - Batch was added
01.08.2023 15:43:10.843 [main] DEBUG c.l.QueriesProcessing - Batch was added
01.08.2023 15:43:10.844 [main] DEBUG c.l.QueriesProcessing - Batch was added
01.08.2023 15:43:10.844 [main] DEBUG c.l.QueriesProcessing - Batch was added
01.08.2023 15:43:10.844 [main] DEBUG c.l.QueriesProcessing - Batch was added
01.08.2023 15:43:10.845 [main] DEBUG c.l.QueriesProcessing - Batch was added
01.08.2023 15:43:10.850 [main] DEBUG c.l.QueriesProcessing - Data into table inserted
01.08.2023 15:43:10.850 [main] INFO  com.level3_2.App - Program finished
01.08.2023 15:43:59.290 [main] DEBUG com.level3_2.App - Start program
01.08.2023 15:43:59.311 [main] DEBUG c.l.FileProcessing - File config.properties was found
01.08.2023 15:43:59.315 [main] DEBUG c.l.FileProcessing - Properties were loaded
01.08.2023 15:43:59.317 [main] DEBUG c.l.FileProcessing - File config.properties was found
01.08.2023 15:43:59.317 [main] DEBUG c.l.FileProcessing - Properties were loaded
01.08.2023 15:44:00.200 [main] DEBUG c.l.ConnectionCreator - Connection created
01.08.2023 15:44:00.202 [main] DEBUG c.l.FileProcessing - File dropTables.sql was found
01.08.2023 15:44:00.228 [main] DEBUG c.l.QueriesProcessing - Table 1 dropped
01.08.2023 15:44:00.237 [main] DEBUG c.l.QueriesProcessing - Table 2 dropped
01.08.2023 15:44:00.246 [main] DEBUG c.l.QueriesProcessing - Table 3 dropped
01.08.2023 15:44:00.248 [main] DEBUG c.l.FileProcessing - File createTables.sql was found
01.08.2023 15:44:00.263 [main] DEBUG c.l.QueriesProcessing - Table 1 created
01.08.2023 15:44:00.271 [main] DEBUG c.l.QueriesProcessing - Table 2 created
01.08.2023 15:44:00.278 [main] DEBUG c.l.QueriesProcessing - Table 3 created
01.08.2023 15:44:00.279 [main] DEBUG c.l.FileProcessing - File dropTables.sql was found
01.08.2023 15:44:00.284 [main] DEBUG c.l.QueriesProcessing - Table 1 dropped
01.08.2023 15:44:00.288 [main] DEBUG c.l.QueriesProcessing - Table 2 dropped
01.08.2023 15:44:00.292 [main] DEBUG c.l.QueriesProcessing - Table 3 dropped
01.08.2023 15:44:00.294 [main] DEBUG c.l.FileProcessing - File createTables.sql was found
01.08.2023 15:44:00.303 [main] DEBUG c.l.QueriesProcessing - Table 1 created
01.08.2023 15:44:00.311 [main] DEBUG c.l.QueriesProcessing - Table 2 created
01.08.2023 15:44:00.317 [main] DEBUG c.l.QueriesProcessing - Table 3 created
01.08.2023 15:44:00.318 [main] DEBUG c.l.FileProcessing - File shop_address.csv was found
01.08.2023 15:44:00.327 [main] DEBUG c.l.QueriesProcessing - Batch was added
01.08.2023 15:44:00.328 [main] DEBUG c.l.QueriesProcessing - Batch was added
01.08.2023 15:44:00.329 [main] DEBUG c.l.QueriesProcessing - Batch was added
01.08.2023 15:44:00.329 [main] DEBUG c.l.QueriesProcessing - Batch was added
01.08.2023 15:44:00.331 [main] DEBUG c.l.QueriesProcessing - Batch was added
01.08.2023 15:44:00.332 [main] DEBUG c.l.QueriesProcessing - Batch was added
01.08.2023 15:44:00.332 [main] DEBUG c.l.QueriesProcessing - Batch was added
01.08.2023 15:44:00.332 [main] DEBUG c.l.QueriesProcessing - Batch was added
01.08.2023 15:44:00.333 [main] DEBUG c.l.QueriesProcessing - Batch was added
01.08.2023 15:44:00.333 [main] DEBUG c.l.QueriesProcessing - Batch was added
01.08.2023 15:44:00.334 [main] DEBUG c.l.QueriesProcessing - Batch was added
01.08.2023 15:44:00.334 [main] DEBUG c.l.QueriesProcessing - Batch was added
01.08.2023 15:44:00.335 [main] DEBUG c.l.QueriesProcessing - Batch was added
01.08.2023 15:44:00.335 [main] DEBUG c.l.QueriesProcessing - Batch was added
01.08.2023 15:44:00.336 [main] DEBUG c.l.QueriesProcessing - Batch was added
01.08.2023 15:44:00.344 [main] DEBUG c.l.QueriesProcessing - Data into table inserted
01.08.2023 15:44:00.345 [main] DEBUG c.l.FileProcessing - File product_type.csv was found
01.08.2023 15:44:00.346 [main] DEBUG c.l.QueriesProcessing - Batch was added
01.08.2023 15:44:00.347 [main] DEBUG c.l.QueriesProcessing - Batch was added
01.08.2023 15:44:00.347 [main] DEBUG c.l.QueriesProcessing - Batch was added
01.08.2023 15:44:00.347 [main] DEBUG c.l.QueriesProcessing - Batch was added
01.08.2023 15:44:00.348 [main] DEBUG c.l.QueriesProcessing - Batch was added
01.08.2023 15:44:00.348 [main] DEBUG c.l.QueriesProcessing - Batch was added
01.08.2023 15:44:00.348 [main] DEBUG c.l.QueriesProcessing - Batch was added
01.08.2023 15:44:00.349 [main] DEBUG c.l.QueriesProcessing - Batch was added
01.08.2023 15:44:00.349 [main] DEBUG c.l.QueriesProcessing - Batch was added
01.08.2023 15:44:00.350 [main] DEBUG c.l.QueriesProcessing - Batch was added
01.08.2023 15:44:00.350 [main] DEBUG c.l.QueriesProcessing - Batch was added
01.08.2023 15:44:00.350 [main] DEBUG c.l.QueriesProcessing - Batch was added
01.08.2023 15:44:00.351 [main] DEBUG c.l.QueriesProcessing - Batch was added
01.08.2023 15:44:00.351 [main] DEBUG c.l.QueriesProcessing - Batch was added
01.08.2023 15:44:00.352 [main] DEBUG c.l.QueriesProcessing - Batch was added
01.08.2023 15:44:00.352 [main] DEBUG c.l.QueriesProcessing - Batch was added
01.08.2023 15:44:00.352 [main] DEBUG c.l.QueriesProcessing - Batch was added
01.08.2023 15:44:00.352 [main] DEBUG c.l.QueriesProcessing - Batch was added
01.08.2023 15:44:00.354 [main] DEBUG c.l.QueriesProcessing - Batch was added
01.08.2023 15:44:00.354 [main] DEBUG c.l.QueriesProcessing - Batch was added
01.08.2023 15:44:00.360 [main] DEBUG c.l.QueriesProcessing - Data into table inserted
01.08.2023 15:44:00.361 [main] INFO  com.level3_2.App - Program finished
01.08.2023 23:07:09.198 [main] DEBUG com.level3_2.App - Start program
01.08.2023 23:07:09.254 [main] DEBUG c.l.FileProcessing - File config.properties was found
01.08.2023 23:07:09.256 [main] DEBUG c.l.FileProcessing - Properties were loaded
01.08.2023 23:07:09.266 [main] INFO  com.level3_2.App - Program finished
01.08.2023 23:37:33.800 [main] DEBUG com.level3_2.App - Start program
01.08.2023 23:37:33.821 [main] DEBUG c.l.FileProcessing - File config.properties was found
01.08.2023 23:37:33.824 [main] DEBUG c.l.FileProcessing - Properties were loaded
01.08.2023 23:37:33.824 [main] DEBUG c.l.FileProcessing - File config.properties was found
01.08.2023 23:37:33.825 [main] DEBUG c.l.FileProcessing - Properties were loaded
01.08.2023 23:37:33.827 [main] DEBUG c.l.FileProcessing - File config.properties was found
01.08.2023 23:37:33.827 [main] DEBUG c.l.FileProcessing - Properties were loaded
01.08.2023 23:37:34.673 [main] DEBUG c.l.ConnectionCreator - Connection created
01.08.2023 23:37:34.676 [main] DEBUG c.l.FileProcessing - File dropTables.sql was found
01.08.2023 23:37:34.710 [main] DEBUG c.l.QueriesProcessing - Table 1 dropped
01.08.2023 23:37:34.720 [main] DEBUG c.l.QueriesProcessing - Table 2 dropped
01.08.2023 23:37:34.727 [main] DEBUG c.l.QueriesProcessing - Table 3 dropped
01.08.2023 23:37:34.743 [main] DEBUG c.l.FileProcessing - File createTables.sql was found
01.08.2023 23:37:34.763 [main] DEBUG c.l.QueriesProcessing - Table 1 created
01.08.2023 23:37:34.771 [main] DEBUG c.l.QueriesProcessing - Table 2 created
01.08.2023 23:37:34.777 [main] DEBUG c.l.QueriesProcessing - Table 3 created
01.08.2023 23:37:34.778 [main] DEBUG c.l.FileProcessing - File dropTables.sql was found
01.08.2023 23:37:34.782 [main] DEBUG c.l.QueriesProcessing - Table 1 dropped
01.08.2023 23:37:34.789 [main] DEBUG c.l.QueriesProcessing - Table 2 dropped
01.08.2023 23:37:34.794 [main] DEBUG c.l.QueriesProcessing - Table 3 dropped
01.08.2023 23:37:34.794 [main] DEBUG c.l.FileProcessing - File createTables.sql was found
01.08.2023 23:37:34.803 [main] DEBUG c.l.QueriesProcessing - Table 1 created
01.08.2023 23:37:34.810 [main] DEBUG c.l.QueriesProcessing - Table 2 created
01.08.2023 23:37:34.816 [main] DEBUG c.l.QueriesProcessing - Table 3 created
01.08.2023 23:37:34.828 [main] DEBUG c.l.FileProcessing - File shop_address.csv was found
01.08.2023 23:37:34.837 [main] DEBUG c.l.QueriesProcessing - Batch was added
01.08.2023 23:37:34.837 [main] DEBUG c.l.QueriesProcessing - Batch was added
01.08.2023 23:37:34.837 [main] DEBUG c.l.QueriesProcessing - Batch was added
01.08.2023 23:37:34.839 [main] DEBUG c.l.QueriesProcessing - Batch was added
01.08.2023 23:37:34.839 [main] DEBUG c.l.QueriesProcessing - Batch was added
01.08.2023 23:37:34.839 [main] DEBUG c.l.QueriesProcessing - Batch was added
01.08.2023 23:37:34.839 [main] DEBUG c.l.QueriesProcessing - Batch was added
01.08.2023 23:37:34.840 [main] DEBUG c.l.QueriesProcessing - Batch was added
01.08.2023 23:37:34.841 [main] DEBUG c.l.QueriesProcessing - Batch was added
01.08.2023 23:37:34.841 [main] DEBUG c.l.QueriesProcessing - Batch was added
01.08.2023 23:37:34.841 [main] DEBUG c.l.QueriesProcessing - Batch was added
01.08.2023 23:37:34.842 [main] DEBUG c.l.QueriesProcessing - Batch was added
01.08.2023 23:37:34.842 [main] DEBUG c.l.QueriesProcessing - Batch was added
01.08.2023 23:37:34.842 [main] DEBUG c.l.QueriesProcessing - Batch was added
01.08.2023 23:37:34.843 [main] DEBUG c.l.QueriesProcessing - Batch was added
01.08.2023 23:37:34.851 [main] DEBUG c.l.QueriesProcessing - Data into table inserted
01.08.2023 23:37:34.861 [main] DEBUG c.l.FileProcessing - File product_type.csv was found
01.08.2023 23:37:34.862 [main] DEBUG c.l.QueriesProcessing - Batch was added
01.08.2023 23:37:34.863 [main] DEBUG c.l.QueriesProcessing - Batch was added
01.08.2023 23:37:34.863 [main] DEBUG c.l.QueriesProcessing - Batch was added
01.08.2023 23:37:34.863 [main] DEBUG c.l.QueriesProcessing - Batch was added
01.08.2023 23:37:34.863 [main] DEBUG c.l.QueriesProcessing - Batch was added
01.08.2023 23:37:34.865 [main] DEBUG c.l.QueriesProcessing - Batch was added
01.08.2023 23:37:34.865 [main] DEBUG c.l.QueriesProcessing - Batch was added
01.08.2023 23:37:34.865 [main] DEBUG c.l.QueriesProcessing - Batch was added
01.08.2023 23:37:34.865 [main] DEBUG c.l.QueriesProcessing - Batch was added
01.08.2023 23:37:34.866 [main] DEBUG c.l.QueriesProcessing - Batch was added
01.08.2023 23:37:34.866 [main] DEBUG c.l.QueriesProcessing - Batch was added
01.08.2023 23:37:34.866 [main] DEBUG c.l.QueriesProcessing - Batch was added
01.08.2023 23:37:34.867 [main] DEBUG c.l.QueriesProcessing - Batch was added
01.08.2023 23:37:34.867 [main] DEBUG c.l.QueriesProcessing - Batch was added
01.08.2023 23:37:34.867 [main] DEBUG c.l.QueriesProcessing - Batch was added
01.08.2023 23:37:34.868 [main] DEBUG c.l.QueriesProcessing - Batch was added
01.08.2023 23:37:34.868 [main] DEBUG c.l.QueriesProcessing - Batch was added
01.08.2023 23:37:34.868 [main] DEBUG c.l.QueriesProcessing - Batch was added
01.08.2023 23:37:34.868 [main] DEBUG c.l.QueriesProcessing - Batch was added
01.08.2023 23:37:34.869 [main] DEBUG c.l.QueriesProcessing - Batch was added
01.08.2023 23:37:34.875 [main] DEBUG c.l.QueriesProcessing - Data into table inserted
01.08.2023 23:37:34.898 [main] INFO  com.level3_2.App - Program finished
01.08.2023 23:55:41.050 [main] DEBUG com.level3_2.App - Start program
01.08.2023 23:55:41.080 [main] DEBUG c.l.FileProcessing - File config.properties was found
01.08.2023 23:55:41.084 [main] DEBUG c.l.FileProcessing - Properties were loaded
01.08.2023 23:55:41.086 [main] DEBUG c.l.FileProcessing - File config.properties was found
01.08.2023 23:55:41.086 [main] DEBUG c.l.FileProcessing - Properties were loaded
01.08.2023 23:55:41.917 [main] DEBUG c.l.ConnectionCreator - Connection created
01.08.2023 23:55:41.919 [main] DEBUG c.l.FileProcessing - File dropTables.sql was found
01.08.2023 23:55:41.947 [main] DEBUG c.l.QueriesProcessing - Table 1 dropped
01.08.2023 23:55:41.953 [main] DEBUG c.l.QueriesProcessing - Table 2 dropped
01.08.2023 23:55:41.958 [main] DEBUG c.l.QueriesProcessing - Table 3 dropped
01.08.2023 23:55:41.960 [main] DEBUG c.l.FileProcessing - File createTables.sql was found
01.08.2023 23:55:41.975 [main] DEBUG c.l.QueriesProcessing - Table 1 created
01.08.2023 23:55:41.984 [main] DEBUG c.l.QueriesProcessing - Table 2 created
01.08.2023 23:55:41.990 [main] DEBUG c.l.QueriesProcessing - Table 3 created
01.08.2023 23:56:26.786 [main] DEBUG com.level3_2.App - Start program
01.08.2023 23:56:26.818 [main] DEBUG c.l.FileProcessing - File config.properties was found
01.08.2023 23:56:26.822 [main] DEBUG c.l.FileProcessing - Properties were loaded
01.08.2023 23:56:26.823 [main] DEBUG c.l.FileProcessing - File config.properties was found
01.08.2023 23:56:26.824 [main] DEBUG c.l.FileProcessing - Properties were loaded
01.08.2023 23:56:27.722 [main] DEBUG c.l.ConnectionCreator - Connection created
01.08.2023 23:56:27.723 [main] DEBUG c.l.FileProcessing - File dropTables.sql was found
01.08.2023 23:56:27.753 [main] DEBUG c.l.QueriesProcessing - Table 1 dropped
01.08.2023 23:56:27.760 [main] DEBUG c.l.QueriesProcessing - Table 2 dropped
01.08.2023 23:56:27.764 [main] DEBUG c.l.QueriesProcessing - Table 3 dropped
01.08.2023 23:56:27.764 [main] DEBUG c.l.FileProcessing - File createTables.sql was found
01.08.2023 23:56:27.779 [main] DEBUG c.l.QueriesProcessing - Table 1 created
01.08.2023 23:56:27.785 [main] DEBUG c.l.QueriesProcessing - Table 2 created
01.08.2023 23:56:27.793 [main] DEBUG c.l.QueriesProcessing - Table 3 created
01.08.2023 23:58:25.388 [main] DEBUG com.level3_2.App - Start program
01.08.2023 23:58:25.400 [main] DEBUG c.l.FileProcessing - File config.properties was found
01.08.2023 23:58:25.406 [main] DEBUG c.l.FileProcessing - Properties were loaded
01.08.2023 23:58:25.407 [main] DEBUG c.l.FileProcessing - File config.properties was found
01.08.2023 23:58:25.407 [main] DEBUG c.l.FileProcessing - Properties were loaded
01.08.2023 23:58:26.258 [main] DEBUG c.l.ConnectionCreator - Connection created
01.08.2023 23:58:26.260 [main] DEBUG c.l.FileProcessing - File dropTables.sql was found
01.08.2023 23:58:26.288 [main] DEBUG c.l.QueriesProcessing - Table 1 dropped
01.08.2023 23:58:26.294 [main] DEBUG c.l.QueriesProcessing - Table 2 dropped
01.08.2023 23:58:26.299 [main] DEBUG c.l.QueriesProcessing - Table 3 dropped
01.08.2023 23:58:26.301 [main] DEBUG c.l.FileProcessing - File createTables.sql was found
01.08.2023 23:58:26.319 [main] DEBUG c.l.QueriesProcessing - Table 1 created
01.08.2023 23:58:26.327 [main] DEBUG c.l.QueriesProcessing - Table 2 created
01.08.2023 23:58:26.333 [main] DEBUG c.l.QueriesProcessing - Table 3 created
01.08.2023 23:58:45.470 [main] DEBUG com.level3_2.App - Start program
01.08.2023 23:58:45.482 [main] DEBUG c.l.FileProcessing - File config.properties was found
01.08.2023 23:58:45.487 [main] DEBUG c.l.FileProcessing - Properties were loaded
01.08.2023 23:58:45.489 [main] DEBUG c.l.FileProcessing - File config.properties was found
01.08.2023 23:58:45.490 [main] DEBUG c.l.FileProcessing - Properties were loaded
01.08.2023 23:58:46.349 [main] DEBUG c.l.ConnectionCreator - Connection created
01.08.2023 23:58:46.350 [main] DEBUG c.l.FileProcessing - File dropTables.sql was found
01.08.2023 23:58:46.380 [main] DEBUG c.l.QueriesProcessing - Table 1 dropped
01.08.2023 23:58:46.387 [main] DEBUG c.l.QueriesProcessing - Table 2 dropped
01.08.2023 23:58:46.393 [main] DEBUG c.l.QueriesProcessing - Table 3 dropped
01.08.2023 23:58:46.394 [main] DEBUG c.l.FileProcessing - File createTables.sql was found
01.08.2023 23:58:46.414 [main] DEBUG c.l.QueriesProcessing - Table 1 created
01.08.2023 23:58:46.424 [main] DEBUG c.l.QueriesProcessing - Table 2 created
01.08.2023 23:58:46.431 [main] DEBUG c.l.QueriesProcessing - Table 3 created
01.08.2023 23:58:46.432 [main] DEBUG c.l.FileProcessing - File config.properties was found
01.08.2023 23:58:46.433 [main] DEBUG c.l.FileProcessing - Properties were loaded
01.08.2023 23:58:46.433 [main] DEBUG c.l.FileProcessing - File config.properties was found
01.08.2023 23:58:46.434 [main] DEBUG c.l.FileProcessing - Properties were loaded
01.08.2023 23:58:46.525 [main] DEBUG c.l.ConnectionCreator - Connection created
01.08.2023 23:58:46.526 [main] DEBUG c.l.FileProcessing - File dropTables.sql was found
01.08.2023 23:58:46.537 [main] DEBUG c.l.QueriesProcessing - Table 1 dropped
01.08.2023 23:58:46.545 [main] DEBUG c.l.QueriesProcessing - Table 2 dropped
01.08.2023 23:58:46.550 [main] DEBUG c.l.QueriesProcessing - Table 3 dropped
01.08.2023 23:58:46.551 [main] DEBUG c.l.FileProcessing - File createTables.sql was found
01.08.2023 23:58:46.579 [main] DEBUG c.l.QueriesProcessing - Table 1 created
01.08.2023 23:58:46.587 [main] DEBUG c.l.QueriesProcessing - Table 2 created
01.08.2023 23:58:46.599 [main] DEBUG c.l.QueriesProcessing - Table 3 created
01.08.2023 23:58:46.600 [main] DEBUG c.l.FileProcessing - File dropTables.sql was found
01.08.2023 23:58:46.604 [main] DEBUG c.l.QueriesProcessing - Table 1 dropped
01.08.2023 23:58:46.611 [main] DEBUG c.l.QueriesProcessing - Table 2 dropped
01.08.2023 23:58:46.618 [main] DEBUG c.l.QueriesProcessing - Table 3 dropped
01.08.2023 23:58:46.619 [main] DEBUG c.l.FileProcessing - File createTables.sql was found
01.08.2023 23:58:46.630 [main] DEBUG c.l.QueriesProcessing - Table 1 created
01.08.2023 23:58:46.638 [main] DEBUG c.l.QueriesProcessing - Table 2 created
01.08.2023 23:58:46.645 [main] DEBUG c.l.QueriesProcessing - Table 3 created
01.08.2023 23:58:46.646 [main] DEBUG c.l.FileProcessing - File shop_address.csv was found
01.08.2023 23:58:46.659 [main] DEBUG c.l.QueriesProcessing - Batch was added
01.08.2023 23:58:46.663 [main] DEBUG c.l.QueriesProcessing - Batch was added
01.08.2023 23:58:46.664 [main] DEBUG c.l.QueriesProcessing - Batch was added
01.08.2023 23:58:46.664 [main] DEBUG c.l.QueriesProcessing - Batch was added
01.08.2023 23:58:46.665 [main] DEBUG c.l.QueriesProcessing - Batch was added
01.08.2023 23:58:46.666 [main] DEBUG c.l.QueriesProcessing - Batch was added
01.08.2023 23:58:46.666 [main] DEBUG c.l.QueriesProcessing - Batch was added
01.08.2023 23:58:46.667 [main] DEBUG c.l.QueriesProcessing - Batch was added
01.08.2023 23:58:46.668 [main] DEBUG c.l.QueriesProcessing - Batch was added
01.08.2023 23:58:46.668 [main] DEBUG c.l.QueriesProcessing - Batch was added
01.08.2023 23:58:46.669 [main] DEBUG c.l.QueriesProcessing - Batch was added
01.08.2023 23:58:46.669 [main] DEBUG c.l.QueriesProcessing - Batch was added
01.08.2023 23:58:46.669 [main] DEBUG c.l.QueriesProcessing - Batch was added
01.08.2023 23:58:46.670 [main] DEBUG c.l.QueriesProcessing - Batch was added
01.08.2023 23:58:46.670 [main] DEBUG c.l.QueriesProcessing - Batch was added
01.08.2023 23:58:46.683 [main] DEBUG c.l.QueriesProcessing - Data into table inserted
01.08.2023 23:58:46.684 [main] DEBUG c.l.FileProcessing - File product_type.csv was found
01.08.2023 23:58:46.686 [main] DEBUG c.l.QueriesProcessing - Batch was added
01.08.2023 23:58:46.686 [main] DEBUG c.l.QueriesProcessing - Batch was added
01.08.2023 23:58:46.686 [main] DEBUG c.l.QueriesProcessing - Batch was added
01.08.2023 23:58:46.686 [main] DEBUG c.l.QueriesProcessing - Batch was added
01.08.2023 23:58:46.686 [main] DEBUG c.l.QueriesProcessing - Batch was added
01.08.2023 23:58:46.687 [main] DEBUG c.l.QueriesProcessing - Batch was added
01.08.2023 23:58:46.687 [main] DEBUG c.l.QueriesProcessing - Batch was added
01.08.2023 23:58:46.687 [main] DEBUG c.l.QueriesProcessing - Batch was added
01.08.2023 23:58:46.688 [main] DEBUG c.l.QueriesProcessing - Batch was added
01.08.2023 23:58:46.688 [main] DEBUG c.l.QueriesProcessing - Batch was added
01.08.2023 23:58:46.689 [main] DEBUG c.l.QueriesProcessing - Batch was added
01.08.2023 23:58:46.689 [main] DEBUG c.l.QueriesProcessing - Batch was added
01.08.2023 23:58:46.690 [main] DEBUG c.l.QueriesProcessing - Batch was added
01.08.2023 23:58:46.690 [main] DEBUG c.l.QueriesProcessing - Batch was added
01.08.2023 23:58:46.691 [main] DEBUG c.l.QueriesProcessing - Batch was added
01.08.2023 23:58:46.691 [main] DEBUG c.l.QueriesProcessing - Batch was added
01.08.2023 23:58:46.691 [main] DEBUG c.l.QueriesProcessing - Batch was added
01.08.2023 23:58:46.691 [main] DEBUG c.l.QueriesProcessing - Batch was added
01.08.2023 23:58:46.692 [main] DEBUG c.l.QueriesProcessing - Batch was added
01.08.2023 23:58:46.692 [main] DEBUG c.l.QueriesProcessing - Batch was added
01.08.2023 23:58:46.697 [main] DEBUG c.l.QueriesProcessing - Data into table inserted
01.08.2023 23:58:46.742 [main] INFO  com.level3_2.App - Program finished
01.08.2023 23:59:12.567 [main] DEBUG com.level3_2.App - Start program
01.08.2023 23:59:12.579 [main] DEBUG c.l.FileProcessing - File config.properties was found
01.08.2023 23:59:12.587 [main] DEBUG c.l.FileProcessing - Properties were loaded
01.08.2023 23:59:12.588 [main] DEBUG c.l.FileProcessing - File config.properties was found
01.08.2023 23:59:12.590 [main] DEBUG c.l.FileProcessing - Properties were loaded
01.08.2023 23:59:13.409 [main] DEBUG c.l.ConnectionCreator - Connection created
01.08.2023 23:59:13.410 [main] DEBUG c.l.FileProcessing - File dropTables.sql was found
01.08.2023 23:59:13.435 [main] DEBUG c.l.QueriesProcessing - Table 1 dropped
01.08.2023 23:59:13.442 [main] DEBUG c.l.QueriesProcessing - Table 2 dropped
01.08.2023 23:59:13.449 [main] DEBUG c.l.QueriesProcessing - Table 3 dropped
01.08.2023 23:59:13.450 [main] DEBUG c.l.FileProcessing - File createTables.sql was found
01.08.2023 23:59:13.468 [main] DEBUG c.l.QueriesProcessing - Table 1 created
01.08.2023 23:59:13.476 [main] DEBUG c.l.QueriesProcessing - Table 2 created
01.08.2023 23:59:13.482 [main] DEBUG c.l.QueriesProcessing - Table 3 created
01.08.2023 23:59:13.483 [main] DEBUG c.l.FileProcessing - File config.properties was found
01.08.2023 23:59:13.483 [main] DEBUG c.l.FileProcessing - Properties were loaded
01.08.2023 23:59:13.484 [main] DEBUG c.l.FileProcessing - File config.properties was found
01.08.2023 23:59:13.484 [main] DEBUG c.l.FileProcessing - Properties were loaded
01.08.2023 23:59:13.563 [main] DEBUG c.l.ConnectionCreator - Connection created
01.08.2023 23:59:13.565 [main] DEBUG c.l.FileProcessing - File dropTables.sql was found
01.08.2023 23:59:13.574 [main] DEBUG c.l.QueriesProcessing - Table 1 dropped
01.08.2023 23:59:13.582 [main] DEBUG c.l.QueriesProcessing - Table 2 dropped
01.08.2023 23:59:13.586 [main] DEBUG c.l.QueriesProcessing - Table 3 dropped
01.08.2023 23:59:13.587 [main] DEBUG c.l.FileProcessing - File createTables.sql was found
01.08.2023 23:59:13.607 [main] DEBUG c.l.QueriesProcessing - Table 1 created
01.08.2023 23:59:13.615 [main] DEBUG c.l.QueriesProcessing - Table 2 created
01.08.2023 23:59:13.622 [main] DEBUG c.l.QueriesProcessing - Table 3 created
01.08.2023 23:59:13.623 [main] DEBUG c.l.FileProcessing - File dropTables.sql was found
01.08.2023 23:59:13.630 [main] DEBUG c.l.QueriesProcessing - Table 1 dropped
01.08.2023 23:59:13.636 [main] DEBUG c.l.QueriesProcessing - Table 2 dropped
01.08.2023 23:59:13.641 [main] DEBUG c.l.QueriesProcessing - Table 3 dropped
01.08.2023 23:59:13.642 [main] DEBUG c.l.FileProcessing - File createTables.sql was found
01.08.2023 23:59:13.654 [main] DEBUG c.l.QueriesProcessing - Table 1 created
01.08.2023 23:59:13.665 [main] DEBUG c.l.QueriesProcessing - Table 2 created
01.08.2023 23:59:13.672 [main] DEBUG c.l.QueriesProcessing - Table 3 created
01.08.2023 23:59:13.674 [main] DEBUG c.l.FileProcessing - File shop_address.csv was found
01.08.2023 23:59:13.686 [main] DEBUG c.l.QueriesProcessing - Batch was added
01.08.2023 23:59:13.687 [main] DEBUG c.l.QueriesProcessing - Batch was added
01.08.2023 23:59:13.688 [main] DEBUG c.l.QueriesProcessing - Batch was added
01.08.2023 23:59:13.689 [main] DEBUG c.l.QueriesProcessing - Batch was added
01.08.2023 23:59:13.690 [main] DEBUG c.l.QueriesProcessing - Batch was added
01.08.2023 23:59:13.690 [main] DEBUG c.l.QueriesProcessing - Batch was added
01.08.2023 23:59:13.690 [main] DEBUG c.l.QueriesProcessing - Batch was added
01.08.2023 23:59:13.691 [main] DEBUG c.l.QueriesProcessing - Batch was added
01.08.2023 23:59:13.691 [main] DEBUG c.l.QueriesProcessing - Batch was added
01.08.2023 23:59:13.692 [main] DEBUG c.l.QueriesProcessing - Batch was added
01.08.2023 23:59:13.692 [main] DEBUG c.l.QueriesProcessing - Batch was added
01.08.2023 23:59:13.693 [main] DEBUG c.l.QueriesProcessing - Batch was added
01.08.2023 23:59:13.693 [main] DEBUG c.l.QueriesProcessing - Batch was added
01.08.2023 23:59:13.693 [main] DEBUG c.l.QueriesProcessing - Batch was added
01.08.2023 23:59:13.694 [main] DEBUG c.l.QueriesProcessing - Batch was added
01.08.2023 23:59:13.703 [main] DEBUG c.l.QueriesProcessing - Data into table inserted
01.08.2023 23:59:13.704 [main] DEBUG c.l.FileProcessing - File product_type.csv was found
01.08.2023 23:59:13.706 [main] DEBUG c.l.QueriesProcessing - Batch was added
01.08.2023 23:59:13.706 [main] DEBUG c.l.QueriesProcessing - Batch was added
01.08.2023 23:59:13.706 [main] DEBUG c.l.QueriesProcessing - Batch was added
01.08.2023 23:59:13.706 [main] DEBUG c.l.QueriesProcessing - Batch was added
01.08.2023 23:59:13.706 [main] DEBUG c.l.QueriesProcessing - Batch was added
01.08.2023 23:59:13.706 [main] DEBUG c.l.QueriesProcessing - Batch was added
01.08.2023 23:59:13.707 [main] DEBUG c.l.QueriesProcessing - Batch was added
01.08.2023 23:59:13.707 [main] DEBUG c.l.QueriesProcessing - Batch was added
01.08.2023 23:59:13.707 [main] DEBUG c.l.QueriesProcessing - Batch was added
01.08.2023 23:59:13.708 [main] DEBUG c.l.QueriesProcessing - Batch was added
01.08.2023 23:59:13.708 [main] DEBUG c.l.QueriesProcessing - Batch was added
01.08.2023 23:59:13.709 [main] DEBUG c.l.QueriesProcessing - Batch was added
01.08.2023 23:59:13.709 [main] DEBUG c.l.QueriesProcessing - Batch was added
01.08.2023 23:59:13.709 [main] DEBUG c.l.QueriesProcessing - Batch was added
01.08.2023 23:59:13.709 [main] DEBUG c.l.QueriesProcessing - Batch was added
01.08.2023 23:59:13.710 [main] DEBUG c.l.QueriesProcessing - Batch was added
01.08.2023 23:59:13.710 [main] DEBUG c.l.QueriesProcessing - Batch was added
01.08.2023 23:59:13.710 [main] DEBUG c.l.QueriesProcessing - Batch was added
01.08.2023 23:59:13.711 [main] DEBUG c.l.QueriesProcessing - Batch was added
01.08.2023 23:59:13.711 [main] DEBUG c.l.QueriesProcessing - Batch was added
01.08.2023 23:59:13.717 [main] DEBUG c.l.QueriesProcessing - Data into table inserted
01.08.2023 23:59:54.141 [main] DEBUG com.level3_2.App - Start program
01.08.2023 23:59:54.167 [main] DEBUG c.l.FileProcessing - File config.properties was found
01.08.2023 23:59:54.176 [main] DEBUG c.l.FileProcessing - Properties were loaded
01.08.2023 23:59:54.177 [main] DEBUG c.l.FileProcessing - File config.properties was found
01.08.2023 23:59:54.177 [main] DEBUG c.l.FileProcessing - Properties were loaded
01.08.2023 23:59:54.998 [main] DEBUG c.l.ConnectionCreator - Connection created
01.08.2023 23:59:54.999 [main] DEBUG c.l.FileProcessing - File dropTables.sql was found
01.08.2023 23:59:55.020 [main] DEBUG c.l.QueriesProcessing - Table 1 dropped
01.08.2023 23:59:55.027 [main] DEBUG c.l.QueriesProcessing - Table 2 dropped
01.08.2023 23:59:55.036 [main] DEBUG c.l.QueriesProcessing - Table 3 dropped
01.08.2023 23:59:55.037 [main] DEBUG c.l.FileProcessing - File createTables.sql was found
01.08.2023 23:59:55.054 [main] DEBUG c.l.QueriesProcessing - Table 1 created
01.08.2023 23:59:55.063 [main] DEBUG c.l.QueriesProcessing - Table 2 created
01.08.2023 23:59:55.068 [main] DEBUG c.l.QueriesProcessing - Table 3 created
01.08.2023 23:59:55.069 [main] DEBUG c.l.FileProcessing - File config.properties was found
01.08.2023 23:59:55.070 [main] DEBUG c.l.FileProcessing - Properties were loaded
01.08.2023 23:59:55.070 [main] DEBUG c.l.FileProcessing - File config.properties was found
01.08.2023 23:59:55.071 [main] DEBUG c.l.FileProcessing - Properties were loaded
01.08.2023 23:59:55.153 [main] DEBUG c.l.ConnectionCreator - Connection created
01.08.2023 23:59:55.153 [main] DEBUG c.l.FileProcessing - File dropTables.sql was found
01.08.2023 23:59:55.162 [main] DEBUG c.l.QueriesProcessing - Table 1 dropped
01.08.2023 23:59:55.167 [main] DEBUG c.l.QueriesProcessing - Table 2 dropped
01.08.2023 23:59:55.174 [main] DEBUG c.l.QueriesProcessing - Table 3 dropped
01.08.2023 23:59:55.175 [main] DEBUG c.l.FileProcessing - File createTables.sql was found
01.08.2023 23:59:55.194 [main] DEBUG c.l.QueriesProcessing - Table 1 created
01.08.2023 23:59:55.202 [main] DEBUG c.l.QueriesProcessing - Table 2 created
01.08.2023 23:59:55.209 [main] DEBUG c.l.QueriesProcessing - Table 3 created
01.08.2023 23:59:55.210 [main] DEBUG c.l.FileProcessing - File dropTables.sql was found
01.08.2023 23:59:55.215 [main] DEBUG c.l.QueriesProcessing - Table 1 dropped
01.08.2023 23:59:55.223 [main] DEBUG c.l.QueriesProcessing - Table 2 dropped
01.08.2023 23:59:55.228 [main] DEBUG c.l.QueriesProcessing - Table 3 dropped
01.08.2023 23:59:55.228 [main] DEBUG c.l.FileProcessing - File createTables.sql was found
01.08.2023 23:59:55.240 [main] DEBUG c.l.QueriesProcessing - Table 1 created
01.08.2023 23:59:55.250 [main] DEBUG c.l.QueriesProcessing - Table 2 created
01.08.2023 23:59:55.256 [main] DEBUG c.l.QueriesProcessing - Table 3 created
01.08.2023 23:59:55.257 [main] DEBUG c.l.FileProcessing - File shop_address.csv was found
01.08.2023 23:59:55.268 [main] DEBUG c.l.QueriesProcessing - Batch was added
01.08.2023 23:59:55.269 [main] DEBUG c.l.QueriesProcessing - Batch was added
01.08.2023 23:59:55.269 [main] DEBUG c.l.QueriesProcessing - Batch was added
01.08.2023 23:59:55.271 [main] DEBUG c.l.QueriesProcessing - Batch was added
01.08.2023 23:59:55.271 [main] DEBUG c.l.QueriesProcessing - Batch was added
01.08.2023 23:59:55.272 [main] DEBUG c.l.QueriesProcessing - Batch was added
01.08.2023 23:59:55.272 [main] DEBUG c.l.QueriesProcessing - Batch was added
01.08.2023 23:59:55.272 [main] DEBUG c.l.QueriesProcessing - Batch was added
01.08.2023 23:59:55.273 [main] DEBUG c.l.QueriesProcessing - Batch was added
01.08.2023 23:59:55.273 [main] DEBUG c.l.QueriesProcessing - Batch was added
01.08.2023 23:59:55.274 [main] DEBUG c.l.QueriesProcessing - Batch was added
01.08.2023 23:59:55.274 [main] DEBUG c.l.QueriesProcessing - Batch was added
01.08.2023 23:59:55.274 [main] DEBUG c.l.QueriesProcessing - Batch was added
01.08.2023 23:59:55.275 [main] DEBUG c.l.QueriesProcessing - Batch was added
01.08.2023 23:59:55.275 [main] DEBUG c.l.QueriesProcessing - Batch was added
01.08.2023 23:59:55.285 [main] DEBUG c.l.QueriesProcessing - Data into table inserted
01.08.2023 23:59:55.286 [main] DEBUG c.l.FileProcessing - File product_type.csv was found
01.08.2023 23:59:55.287 [main] DEBUG c.l.QueriesProcessing - Batch was added
01.08.2023 23:59:55.287 [main] DEBUG c.l.QueriesProcessing - Batch was added
01.08.2023 23:59:55.288 [main] DEBUG c.l.QueriesProcessing - Batch was added
01.08.2023 23:59:55.288 [main] DEBUG c.l.QueriesProcessing - Batch was added
01.08.2023 23:59:55.288 [main] DEBUG c.l.QueriesProcessing - Batch was added
01.08.2023 23:59:55.289 [main] DEBUG c.l.QueriesProcessing - Batch was added
01.08.2023 23:59:55.289 [main] DEBUG c.l.QueriesProcessing - Batch was added
01.08.2023 23:59:55.289 [main] DEBUG c.l.QueriesProcessing - Batch was added
01.08.2023 23:59:55.289 [main] DEBUG c.l.QueriesProcessing - Batch was added
01.08.2023 23:59:55.290 [main] DEBUG c.l.QueriesProcessing - Batch was added
01.08.2023 23:59:55.290 [main] DEBUG c.l.QueriesProcessing - Batch was added
01.08.2023 23:59:55.290 [main] DEBUG c.l.QueriesProcessing - Batch was added
01.08.2023 23:59:55.291 [main] DEBUG c.l.QueriesProcessing - Batch was added
01.08.2023 23:59:55.291 [main] DEBUG c.l.QueriesProcessing - Batch was added
01.08.2023 23:59:55.291 [main] DEBUG c.l.QueriesProcessing - Batch was added
01.08.2023 23:59:55.291 [main] DEBUG c.l.QueriesProcessing - Batch was added
01.08.2023 23:59:55.292 [main] DEBUG c.l.QueriesProcessing - Batch was added
01.08.2023 23:59:55.292 [main] DEBUG c.l.QueriesProcessing - Batch was added
01.08.2023 23:59:55.292 [main] DEBUG c.l.QueriesProcessing - Batch was added
01.08.2023 23:59:55.292 [main] DEBUG c.l.QueriesProcessing - Batch was added
01.08.2023 23:59:55.298 [main] DEBUG c.l.QueriesProcessing - Data into table inserted
01.08.2023 23:59:55.347 [main] INFO  com.level3_2.App - Program finished
